TpTrace Verbose: 0 : 20220, 1, 2022/11/13, 23:21:53.172, 1680962645846, vstest.console.dll, Version: 17.3.1 Current process architecture: X64
TpTrace Verbose: 0 : 20220, 1, 2022/11/13, 23:21:53.175, 1680962678746, vstest.console.dll, Runtime location: C:\Program Files\dotnet\shared\Microsoft.NETCore.App\6.0.11
TpTrace Information: 0 : 20220, 1, 2022/11/13, 23:21:53.188, 1680962801749, vstest.console.dll, FilePatternParser: The given file C:\Users\Niroshan\Documents\GitHub\TaskDeadlineWebAPI\TaskDeadlineUnitTest\bin\Debug\fine-code-coverage-net6.0\TaskDeadlineUnitTest.dll is a full path.
TpTrace Verbose: 0 : 20220, 1, 2022/11/13, 23:21:53.204, 1680962971060, vstest.console.dll, TestPluginCache.DiscoverTestExtensions: finding test extensions in assemblies ends with: RuntimeProvider.dll TPluginInfo: Microsoft.VisualStudio.TestPlatform.Common.ExtensionFramework.Utilities.TestRuntimePluginInformation TExtension: Microsoft.VisualStudio.TestPlatform.ObjectModel.Host.ITestRuntimeProvider
TpTrace Verbose: 0 : 20220, 1, 2022/11/13, 23:21:53.207, 1680962995777, vstest.console.dll, TestPluginCache.GetExtensionPaths: Filtered extension paths: 
TpTrace Verbose: 0 : 20220, 1, 2022/11/13, 23:21:53.207, 1680962997637, vstest.console.dll, TestPluginCache.GetExtensionPaths: Added default extension paths: C:\Program Files\dotnet\sdk\6.0.403\Extensions\Microsoft.Diagnostics.NETCore.Client.dll
C:\Program Files\dotnet\sdk\6.0.403\Extensions\Microsoft.TestPlatform.Extensions.BlameDataCollector.dll
C:\Program Files\dotnet\sdk\6.0.403\Extensions\Microsoft.TestPlatform.Extensions.EventLogCollector.dll
C:\Program Files\dotnet\sdk\6.0.403\Extensions\Microsoft.TestPlatform.TestHostRuntimeProvider.dll
C:\Program Files\dotnet\sdk\6.0.403\Extensions\Microsoft.VisualStudio.TestPlatform.Extensions.Html.TestLogger.dll
C:\Program Files\dotnet\sdk\6.0.403\Extensions\Microsoft.VisualStudio.TestPlatform.Extensions.Trx.TestLogger.dll
TpTrace Verbose: 0 : 20220, 1, 2022/11/13, 23:21:53.207, 1680962998190, vstest.console.dll, TestPluginCache.GetExtensionPaths: Added unfilterableExtensionPaths: 
TpTrace Information: 0 : 20220, 1, 2022/11/13, 23:21:53.208, 1680963007009, vstest.console.dll, AssemblyResolver.ctor: Creating AssemblyResolver with searchDirectories C:\Program Files\dotnet\sdk\6.0.403\Extensions,C:\Program Files\dotnet\sdk\6.0.403
TpTrace Verbose: 0 : 20220, 1, 2022/11/13, 23:21:53.209, 1680963014827, vstest.console.dll, TestPluginCache.DiscoverTestExtensions: Discovering the extensions using extension path.
TpTrace Verbose: 0 : 20220, 1, 2022/11/13, 23:21:53.209, 1680963016131, vstest.console.dll, TestPluginCache.GetExtensionPaths: Filtered extension paths: 
TpTrace Verbose: 0 : 20220, 1, 2022/11/13, 23:21:53.209, 1680963016786, vstest.console.dll, TestPluginCache.GetExtensionPaths: Added default extension paths: C:\Program Files\dotnet\sdk\6.0.403\Extensions\Microsoft.Diagnostics.NETCore.Client.dll
C:\Program Files\dotnet\sdk\6.0.403\Extensions\Microsoft.TestPlatform.Extensions.BlameDataCollector.dll
C:\Program Files\dotnet\sdk\6.0.403\Extensions\Microsoft.TestPlatform.Extensions.EventLogCollector.dll
C:\Program Files\dotnet\sdk\6.0.403\Extensions\Microsoft.TestPlatform.TestHostRuntimeProvider.dll
C:\Program Files\dotnet\sdk\6.0.403\Extensions\Microsoft.VisualStudio.TestPlatform.Extensions.Html.TestLogger.dll
C:\Program Files\dotnet\sdk\6.0.403\Extensions\Microsoft.VisualStudio.TestPlatform.Extensions.Trx.TestLogger.dll
TpTrace Verbose: 0 : 20220, 1, 2022/11/13, 23:21:53.209, 1680963017293, vstest.console.dll, TestPluginCache.GetExtensionPaths: Added unfilterableExtensionPaths: 
TpTrace Verbose: 0 : 20220, 1, 2022/11/13, 23:21:53.209, 1680963018028, vstest.console.dll, TestPluginCache.DiscoverTestExtensions: Discovering the extensions using allExtensionPaths: C:\Program Files\dotnet\sdk\6.0.403\Extensions\Microsoft.Diagnostics.NETCore.Client.dll
C:\Program Files\dotnet\sdk\6.0.403\Extensions\Microsoft.TestPlatform.Extensions.BlameDataCollector.dll
C:\Program Files\dotnet\sdk\6.0.403\Extensions\Microsoft.TestPlatform.Extensions.EventLogCollector.dll
C:\Program Files\dotnet\sdk\6.0.403\Extensions\Microsoft.TestPlatform.TestHostRuntimeProvider.dll
C:\Program Files\dotnet\sdk\6.0.403\Extensions\Microsoft.VisualStudio.TestPlatform.Extensions.Html.TestLogger.dll
C:\Program Files\dotnet\sdk\6.0.403\Extensions\Microsoft.VisualStudio.TestPlatform.Extensions.Trx.TestLogger.dll
TpTrace Information: 0 : 20220, 1, 2022/11/13, 23:21:53.210, 1680963026619, vstest.console.dll, AssemblyResolver.AddSearchDirectories: Adding more searchDirectories C:\Program Files\dotnet\sdk\6.0.403\Extensions,C:\Program Files\dotnet\sdk\6.0.403
TpTrace Information: 0 : 20220, 1, 2022/11/13, 23:21:53.210, 1680963027618, vstest.console.dll, AssemblyResolver.AddSearchDirectories: Adding more searchDirectories C:\Program Files\dotnet\sdk\6.0.403\Extensions,C:\Program Files\dotnet\sdk\6.0.403
TpTrace Information: 0 : 20220, 1, 2022/11/13, 23:21:53.210, 1680963028170, vstest.console.dll, AssemblyResolver.AddSearchDirectories: Adding more searchDirectories C:\Program Files\dotnet\sdk\6.0.403\Extensions,C:\Program Files\dotnet\sdk\6.0.403
TpTrace Information: 0 : 20220, 1, 2022/11/13, 23:21:53.210, 1680963028696, vstest.console.dll, AssemblyResolver.AddSearchDirectories: Adding more searchDirectories C:\Program Files\dotnet\sdk\6.0.403\Extensions,C:\Program Files\dotnet\sdk\6.0.403
TpTrace Information: 0 : 20220, 1, 2022/11/13, 23:21:53.210, 1680963029720, vstest.console.dll, AssemblyResolver.AddSearchDirectories: Adding more searchDirectories C:\Program Files\dotnet\sdk\6.0.403\Extensions,C:\Program Files\dotnet\sdk\6.0.403
TpTrace Information: 0 : 20220, 1, 2022/11/13, 23:21:53.210, 1680963030499, vstest.console.dll, AssemblyResolver.AddSearchDirectories: Adding more searchDirectories C:\Program Files\dotnet\sdk\6.0.403\Extensions,C:\Program Files\dotnet\sdk\6.0.403
TpTrace Information: 0 : 20220, 1, 2022/11/13, 23:21:53.211, 1680963034598, vstest.console.dll, AssemblyResolver.OnResolve: Microsoft.Diagnostics.NETCore.Client: Resolving assembly.
TpTrace Information: 0 : 20220, 1, 2022/11/13, 23:21:53.211, 1680963035391, vstest.console.dll, AssemblyResolver.OnResolve: Microsoft.Diagnostics.NETCore.Client: Searching in: 'C:\Program Files\dotnet\sdk\6.0.403\Extensions'.
TpTrace Information: 0 : 20220, 1, 2022/11/13, 23:21:53.213, 1680963056015, vstest.console.dll, AssemblyResolver.OnResolve: Microsoft.Diagnostics.NETCore.Client: Loading assembly 'C:\Program Files\dotnet\sdk\6.0.403\Extensions\Microsoft.Diagnostics.NETCore.Client.dll'.
TpTrace Information: 0 : 20220, 1, 2022/11/13, 23:21:53.215, 1680963075389, vstest.console.dll, AssemblyResolver.OnResolve: Resolved assembly: Microsoft.Diagnostics.NETCore.Client, from path: C:\Program Files\dotnet\sdk\6.0.403\Extensions\Microsoft.Diagnostics.NETCore.Client.dll
TpTrace Verbose: 0 : 20220, 1, 2022/11/13, 23:21:53.219, 1680963118775, vstest.console.dll, MetadataReaderExtensionsHelper: Discovering extensions inside assembly 'Microsoft.Diagnostics.NETCore.Client, Version=0.2.5.801, Culture=neutral, PublicKeyToken=31bf3856ad364e35' file path 'C:\Program Files\dotnet\sdk\6.0.403\Extensions\Microsoft.Diagnostics.NETCore.Client.dll'
TpTrace Information: 0 : 20220, 1, 2022/11/13, 23:21:53.236, 1680963291569, vstest.console.dll, AssemblyResolver.OnResolve: Microsoft.Bcl.AsyncInterfaces: Resolving assembly.
TpTrace Information: 0 : 20220, 1, 2022/11/13, 23:21:53.237, 1680963293347, vstest.console.dll, AssemblyResolver.OnResolve: Microsoft.Bcl.AsyncInterfaces: Searching in: 'C:\Program Files\dotnet\sdk\6.0.403\Extensions'.
TpTrace Information: 0 : 20220, 1, 2022/11/13, 23:21:53.237, 1680963294855, vstest.console.dll, AssemblyResolver.OnResolve: Microsoft.Bcl.AsyncInterfaces: Assembly path does not exist: 'C:\Program Files\dotnet\sdk\6.0.403\Extensions\Microsoft.Bcl.AsyncInterfaces.dll', returning.
TpTrace Information: 0 : 20220, 1, 2022/11/13, 23:21:53.237, 1680963296072, vstest.console.dll, AssemblyResolver.OnResolve: Microsoft.Bcl.AsyncInterfaces: Assembly path does not exist: 'C:\Program Files\dotnet\sdk\6.0.403\Extensions\Microsoft.Bcl.AsyncInterfaces.exe', returning.
TpTrace Information: 0 : 20220, 1, 2022/11/13, 23:21:53.237, 1680963297318, vstest.console.dll, AssemblyResolver.OnResolve: Microsoft.Bcl.AsyncInterfaces: Searching in: 'C:\Program Files\dotnet\sdk\6.0.403'.
TpTrace Information: 0 : 20220, 1, 2022/11/13, 23:21:53.237, 1680963298619, vstest.console.dll, AssemblyResolver.OnResolve: Microsoft.Bcl.AsyncInterfaces: Assembly path does not exist: 'C:\Program Files\dotnet\sdk\6.0.403\Microsoft.Bcl.AsyncInterfaces.dll', returning.
TpTrace Information: 0 : 20220, 1, 2022/11/13, 23:21:53.237, 1680963299894, vstest.console.dll, AssemblyResolver.OnResolve: Microsoft.Bcl.AsyncInterfaces: Assembly path does not exist: 'C:\Program Files\dotnet\sdk\6.0.403\Microsoft.Bcl.AsyncInterfaces.exe', returning.
TpTrace Information: 0 : 20220, 1, 2022/11/13, 23:21:53.237, 1680963300860, vstest.console.dll, AssemblyResolver.OnResolve: Microsoft.Bcl.AsyncInterfaces: Failed to load assembly.
TpTrace Verbose: 0 : 20220, 1, 2022/11/13, 23:21:53.238, 1680963302023, vstest.console.dll, CurrentDomainAssemblyResolve: Resolving assembly 'Microsoft.Bcl.AsyncInterfaces'.
TpTrace Information: 0 : 20220, 1, 2022/11/13, 23:21:53.238, 1680963303068, vstest.console.dll, AssemblyResolver.OnResolve: Microsoft.Bcl.AsyncInterfaces: Resolving assembly.
TpTrace Information: 0 : 20220, 1, 2022/11/13, 23:21:53.238, 1680963303828, vstest.console.dll, AssemblyResolver.OnResolve: Microsoft.Bcl.AsyncInterfaces: Resolved from cache.
TpTrace Verbose: 0 : 20220, 1, 2022/11/13, 23:21:53.238, 1680963304456, vstest.console.dll, CurrentDomainAssemblyResolve: Resolving assembly 'Microsoft.Bcl.AsyncInterfaces'.
TpTrace Verbose: 0 : 20220, 1, 2022/11/13, 23:21:53.238, 1680963305140, vstest.console.dll, CurrentDomainAssemblyResolve: Failed to resolve assembly 'Microsoft.Bcl.AsyncInterfaces'.
TpTrace Verbose: 0 : 20220, 1, 2022/11/13, 23:21:53.252, 1680963444226, vstest.console.dll, CurrentDomainAssemblyResolve: Failed to resolve assembly 'Microsoft.Bcl.AsyncInterfaces'.
TpTrace Warning: 0 : 20220, 1, 2022/11/13, 23:21:53.274, 1680963664847, vstest.console.dll, TestPluginDiscoverer: Failed to get types from assembly 'Microsoft.Diagnostics.NETCore.Client, Version=0.2.5.801, Culture=neutral, PublicKeyToken=31bf3856ad364e35'. Error: System.Reflection.ReflectionTypeLoadException: Unable to load one or more of the requested types.
Could not load file or assembly 'Microsoft.Bcl.AsyncInterfaces, Version=1.0.0.0, Culture=neutral, PublicKeyToken=cc7b13ffcd2ddd51'. The system cannot find the file specified.
   at System.Reflection.RuntimeModule.GetTypes(RuntimeModule module)
   at System.Reflection.Assembly.GetTypes()
   at Microsoft.VisualStudio.TestPlatform.Common.ExtensionFramework.TestPluginDiscoverer.GetTestExtensionsFromAssembly[TPluginInfo,TExtension](Assembly assembly, Dictionary`2 pluginInfos, String filePath)
System.IO.FileNotFoundException: Could not load file or assembly 'Microsoft.Bcl.AsyncInterfaces, Version=1.0.0.0, Culture=neutral, PublicKeyToken=cc7b13ffcd2ddd51'. The system cannot find the file specified.
File name: 'Microsoft.Bcl.AsyncInterfaces, Version=1.0.0.0, Culture=neutral, PublicKeyToken=cc7b13ffcd2ddd51'
 ---> System.IO.FileNotFoundException: Could not load file or assembly 'Microsoft.Bcl.AsyncInterfaces, Culture=neutral, PublicKeyToken=null'. The system cannot find the file specified.
File name: 'Microsoft.Bcl.AsyncInterfaces, Culture=neutral, PublicKeyToken=null'
   at System.Reflection.RuntimeAssembly.InternalLoad(ObjectHandleOnStack assemblyName, ObjectHandleOnStack requestingAssembly, StackCrawlMarkHandle stackMark, Boolean throwOnFileNotFound, ObjectHandleOnStack assemblyLoadContext, ObjectHandleOnStack retAssembly)
   at System.Reflection.RuntimeAssembly.InternalLoad(AssemblyName assemblyName, RuntimeAssembly requestingAssembly, StackCrawlMark& stackMark, Boolean throwOnFileNotFound, AssemblyLoadContext assemblyLoadContext)
   at System.Reflection.Assembly.Load(AssemblyName assemblyRef)
   at Microsoft.VisualStudio.TestPlatform.Common.ExtensionFramework.TestPluginCache.CurrentDomainAssemblyResolve(Object sender, AssemblyResolveEventArgs args)
   at Microsoft.VisualStudio.TestPlatform.PlatformAbstractions.PlatformAssemblyResolver.AssemblyResolverEvent(Object sender, Object eventArgs)
   at System.Runtime.Loader.AssemblyLoadContext.GetFirstResolvedAssemblyFromResolvingEvent(AssemblyName assemblyName)
   at System.Runtime.Loader.AssemblyLoadContext.ResolveUsingEvent(AssemblyName assemblyName)
   at System.Runtime.Loader.AssemblyLoadContext.ResolveUsingResolvingEvent(IntPtr gchManagedAssemblyLoadContext, AssemblyName assemblyName)
TpTrace Warning: 0 : 20220, 1, 2022/11/13, 23:21:53.274, 1680963668944, vstest.console.dll, LoaderExceptions: System.IO.FileNotFoundException: Could not load file or assembly 'Microsoft.Bcl.AsyncInterfaces, Version=1.0.0.0, Culture=neutral, PublicKeyToken=cc7b13ffcd2ddd51'. The system cannot find the file specified.
File name: 'Microsoft.Bcl.AsyncInterfaces, Version=1.0.0.0, Culture=neutral, PublicKeyToken=cc7b13ffcd2ddd51'
 ---> System.IO.FileNotFoundException: Could not load file or assembly 'Microsoft.Bcl.AsyncInterfaces, Culture=neutral, PublicKeyToken=null'. The system cannot find the file specified.
File name: 'Microsoft.Bcl.AsyncInterfaces, Culture=neutral, PublicKeyToken=null'
   at System.Reflection.RuntimeAssembly.InternalLoad(ObjectHandleOnStack assemblyName, ObjectHandleOnStack requestingAssembly, StackCrawlMarkHandle stackMark, Boolean throwOnFileNotFound, ObjectHandleOnStack assemblyLoadContext, ObjectHandleOnStack retAssembly)
   at System.Reflection.RuntimeAssembly.InternalLoad(AssemblyName assemblyName, RuntimeAssembly requestingAssembly, StackCrawlMark& stackMark, Boolean throwOnFileNotFound, AssemblyLoadContext assemblyLoadContext)
   at System.Reflection.Assembly.Load(AssemblyName assemblyRef)
   at Microsoft.VisualStudio.TestPlatform.Common.ExtensionFramework.TestPluginCache.CurrentDomainAssemblyResolve(Object sender, AssemblyResolveEventArgs args)
   at Microsoft.VisualStudio.TestPlatform.PlatformAbstractions.PlatformAssemblyResolver.AssemblyResolverEvent(Object sender, Object eventArgs)
   at System.Runtime.Loader.AssemblyLoadContext.GetFirstResolvedAssemblyFromResolvingEvent(AssemblyName assemblyName)
   at System.Runtime.Loader.AssemblyLoadContext.ResolveUsingEvent(AssemblyName assemblyName)
   at System.Runtime.Loader.AssemblyLoadContext.ResolveUsingResolvingEvent(IntPtr gchManagedAssemblyLoadContext, AssemblyName assemblyName)
TpTrace Information: 0 : 20220, 1, 2022/11/13, 23:21:53.274, 1680963671326, vstest.console.dll, AssemblyResolver.OnResolve: Microsoft.TestPlatform.Extensions.BlameDataCollector: Resolving assembly.
TpTrace Information: 0 : 20220, 1, 2022/11/13, 23:21:53.275, 1680963672081, vstest.console.dll, AssemblyResolver.OnResolve: Microsoft.TestPlatform.Extensions.BlameDataCollector: Searching in: 'C:\Program Files\dotnet\sdk\6.0.403\Extensions'.
TpTrace Information: 0 : 20220, 1, 2022/11/13, 23:21:53.276, 1680963690932, vstest.console.dll, AssemblyResolver.OnResolve: Microsoft.TestPlatform.Extensions.BlameDataCollector: Loading assembly 'C:\Program Files\dotnet\sdk\6.0.403\Extensions\Microsoft.TestPlatform.Extensions.BlameDataCollector.dll'.
TpTrace Information: 0 : 20220, 1, 2022/11/13, 23:21:53.279, 1680963714534, vstest.console.dll, AssemblyResolver.OnResolve: Resolved assembly: Microsoft.TestPlatform.Extensions.BlameDataCollector, from path: C:\Program Files\dotnet\sdk\6.0.403\Extensions\Microsoft.TestPlatform.Extensions.BlameDataCollector.dll
TpTrace Verbose: 0 : 20220, 1, 2022/11/13, 23:21:53.279, 1680963716287, vstest.console.dll, MetadataReaderExtensionsHelper: Discovering extensions inside assembly 'Microsoft.TestPlatform.Extensions.BlameDataCollector, Version=15.0.0.0, Culture=neutral, PublicKeyToken=b03f5f7f11d50a3a' file path 'C:\Program Files\dotnet\sdk\6.0.403\Extensions\Microsoft.TestPlatform.Extensions.BlameDataCollector.dll'
TpTrace Information: 0 : 20220, 1, 2022/11/13, 23:21:53.282, 1680963744852, vstest.console.dll, AssemblyResolver.OnResolve: Microsoft.TestPlatform.Extensions.EventLogCollector: Resolving assembly.
TpTrace Information: 0 : 20220, 1, 2022/11/13, 23:21:53.282, 1680963747324, vstest.console.dll, AssemblyResolver.OnResolve: Microsoft.TestPlatform.Extensions.EventLogCollector: Searching in: 'C:\Program Files\dotnet\sdk\6.0.403\Extensions'.
TpTrace Information: 0 : 20220, 1, 2022/11/13, 23:21:53.284, 1680963767029, vstest.console.dll, AssemblyResolver.OnResolve: Microsoft.TestPlatform.Extensions.EventLogCollector: Loading assembly 'C:\Program Files\dotnet\sdk\6.0.403\Extensions\Microsoft.TestPlatform.Extensions.EventLogCollector.dll'.
TpTrace Information: 0 : 20220, 1, 2022/11/13, 23:21:53.285, 1680963773515, vstest.console.dll, AssemblyResolver.OnResolve: Resolved assembly: Microsoft.TestPlatform.Extensions.EventLogCollector, from path: C:\Program Files\dotnet\sdk\6.0.403\Extensions\Microsoft.TestPlatform.Extensions.EventLogCollector.dll
TpTrace Verbose: 0 : 20220, 1, 2022/11/13, 23:21:53.285, 1680963774924, vstest.console.dll, MetadataReaderExtensionsHelper: Discovering extensions inside assembly 'Microsoft.TestPlatform.Extensions.EventLogCollector, Version=15.0.0.0, Culture=neutral, PublicKeyToken=b03f5f7f11d50a3a' file path 'C:\Program Files\dotnet\sdk\6.0.403\Extensions\Microsoft.TestPlatform.Extensions.EventLogCollector.dll'
TpTrace Information: 0 : 20220, 1, 2022/11/13, 23:21:53.288, 1680963802244, vstest.console.dll, AssemblyResolver.OnResolve: Microsoft.TestPlatform.TestHostRuntimeProvider: Resolving assembly.
TpTrace Information: 0 : 20220, 1, 2022/11/13, 23:21:53.288, 1680963803609, vstest.console.dll, AssemblyResolver.OnResolve: Microsoft.TestPlatform.TestHostRuntimeProvider: Searching in: 'C:\Program Files\dotnet\sdk\6.0.403\Extensions'.
TpTrace Information: 0 : 20220, 1, 2022/11/13, 23:21:53.289, 1680963817199, vstest.console.dll, AssemblyResolver.OnResolve: Microsoft.TestPlatform.TestHostRuntimeProvider: Loading assembly 'C:\Program Files\dotnet\sdk\6.0.403\Extensions\Microsoft.TestPlatform.TestHostRuntimeProvider.dll'.
TpTrace Information: 0 : 20220, 1, 2022/11/13, 23:21:53.292, 1680963845127, vstest.console.dll, AssemblyResolver.OnResolve: Resolved assembly: Microsoft.TestPlatform.TestHostRuntimeProvider, from path: C:\Program Files\dotnet\sdk\6.0.403\Extensions\Microsoft.TestPlatform.TestHostRuntimeProvider.dll
TpTrace Verbose: 0 : 20220, 1, 2022/11/13, 23:21:53.292, 1680963846858, vstest.console.dll, MetadataReaderExtensionsHelper: Discovering extensions inside assembly 'Microsoft.TestPlatform.TestHostRuntimeProvider, Version=15.0.0.0, Culture=neutral, PublicKeyToken=b03f5f7f11d50a3a' file path 'C:\Program Files\dotnet\sdk\6.0.403\Extensions\Microsoft.TestPlatform.TestHostRuntimeProvider.dll'
TpTrace Information: 0 : 20220, 1, 2022/11/13, 23:21:53.295, 1680963877030, vstest.console.dll, GetTestExtensionFromType: Register extension with identifier data 'HostProvider://DefaultTestHost' and type 'Microsoft.VisualStudio.TestPlatform.CrossPlatEngine.Hosting.DefaultTestHostManager, Microsoft.TestPlatform.TestHostRuntimeProvider, Version=15.0.0.0, Culture=neutral, PublicKeyToken=b03f5f7f11d50a3a' inside file 'C:\Program Files\dotnet\sdk\6.0.403\Extensions\Microsoft.TestPlatform.TestHostRuntimeProvider.dll'
TpTrace Information: 0 : 20220, 1, 2022/11/13, 23:21:53.295, 1680963878902, vstest.console.dll, GetTestExtensionFromType: Register extension with identifier data 'HostProvider://DotnetTestHost' and type 'Microsoft.VisualStudio.TestPlatform.CrossPlatEngine.Hosting.DotnetTestHostManager, Microsoft.TestPlatform.TestHostRuntimeProvider, Version=15.0.0.0, Culture=neutral, PublicKeyToken=b03f5f7f11d50a3a' inside file 'C:\Program Files\dotnet\sdk\6.0.403\Extensions\Microsoft.TestPlatform.TestHostRuntimeProvider.dll'
TpTrace Information: 0 : 20220, 1, 2022/11/13, 23:21:53.295, 1680963880819, vstest.console.dll, AssemblyResolver.OnResolve: Microsoft.VisualStudio.TestPlatform.Extensions.Html.TestLogger: Resolving assembly.
TpTrace Information: 0 : 20220, 1, 2022/11/13, 23:21:53.296, 1680963881694, vstest.console.dll, AssemblyResolver.OnResolve: Microsoft.VisualStudio.TestPlatform.Extensions.Html.TestLogger: Searching in: 'C:\Program Files\dotnet\sdk\6.0.403\Extensions'.
TpTrace Information: 0 : 20220, 1, 2022/11/13, 23:21:53.297, 1680963893533, vstest.console.dll, AssemblyResolver.OnResolve: Microsoft.VisualStudio.TestPlatform.Extensions.Html.TestLogger: Loading assembly 'C:\Program Files\dotnet\sdk\6.0.403\Extensions\Microsoft.VisualStudio.TestPlatform.Extensions.Html.TestLogger.dll'.
TpTrace Information: 0 : 20220, 1, 2022/11/13, 23:21:53.298, 1680963908130, vstest.console.dll, AssemblyResolver.OnResolve: Resolved assembly: Microsoft.VisualStudio.TestPlatform.Extensions.Html.TestLogger, from path: C:\Program Files\dotnet\sdk\6.0.403\Extensions\Microsoft.VisualStudio.TestPlatform.Extensions.Html.TestLogger.dll
TpTrace Verbose: 0 : 20220, 1, 2022/11/13, 23:21:53.298, 1680963909898, vstest.console.dll, MetadataReaderExtensionsHelper: Discovering extensions inside assembly 'Microsoft.VisualStudio.TestPlatform.Extensions.Html.TestLogger, Version=15.0.0.0, Culture=neutral, PublicKeyToken=b03f5f7f11d50a3a' file path 'C:\Program Files\dotnet\sdk\6.0.403\Extensions\Microsoft.VisualStudio.TestPlatform.Extensions.Html.TestLogger.dll'
TpTrace Information: 0 : 20220, 1, 2022/11/13, 23:21:53.299, 1680963920005, vstest.console.dll, AssemblyResolver.OnResolve: Microsoft.VisualStudio.TestPlatform.Extensions.Trx.TestLogger: Resolving assembly.
TpTrace Information: 0 : 20220, 1, 2022/11/13, 23:21:53.299, 1680963921249, vstest.console.dll, AssemblyResolver.OnResolve: Microsoft.VisualStudio.TestPlatform.Extensions.Trx.TestLogger: Searching in: 'C:\Program Files\dotnet\sdk\6.0.403\Extensions'.
TpTrace Information: 0 : 20220, 1, 2022/11/13, 23:21:53.301, 1680963940260, vstest.console.dll, AssemblyResolver.OnResolve: Microsoft.VisualStudio.TestPlatform.Extensions.Trx.TestLogger: Loading assembly 'C:\Program Files\dotnet\sdk\6.0.403\Extensions\Microsoft.VisualStudio.TestPlatform.Extensions.Trx.TestLogger.dll'.
TpTrace Information: 0 : 20220, 1, 2022/11/13, 23:21:53.303, 1680963956896, vstest.console.dll, AssemblyResolver.OnResolve: Resolved assembly: Microsoft.VisualStudio.TestPlatform.Extensions.Trx.TestLogger, from path: C:\Program Files\dotnet\sdk\6.0.403\Extensions\Microsoft.VisualStudio.TestPlatform.Extensions.Trx.TestLogger.dll
TpTrace Verbose: 0 : 20220, 1, 2022/11/13, 23:21:53.303, 1680963957927, vstest.console.dll, MetadataReaderExtensionsHelper: Discovering extensions inside assembly 'Microsoft.VisualStudio.TestPlatform.Extensions.Trx.TestLogger, Version=15.0.0.0, Culture=neutral, PublicKeyToken=b03f5f7f11d50a3a' file path 'C:\Program Files\dotnet\sdk\6.0.403\Extensions\Microsoft.VisualStudio.TestPlatform.Extensions.Trx.TestLogger.dll'
TpTrace Verbose: 0 : 20220, 1, 2022/11/13, 23:21:53.305, 1680963973599, vstest.console.dll, TestPluginCache: Discovered the extensions using extension path ''.
TpTrace Verbose: 0 : 20220, 1, 2022/11/13, 23:21:53.305, 1680963974482, vstest.console.dll, TestPluginCache: Discoverers are ''.
TpTrace Verbose: 0 : 20220, 1, 2022/11/13, 23:21:53.305, 1680963974913, vstest.console.dll, TestPluginCache: Executors are ''.
TpTrace Verbose: 0 : 20220, 1, 2022/11/13, 23:21:53.305, 1680963975305, vstest.console.dll, TestPluginCache: Executors2 are ''.
TpTrace Verbose: 0 : 20220, 1, 2022/11/13, 23:21:53.305, 1680963975676, vstest.console.dll, TestPluginCache: Setting providers are ''.
TpTrace Verbose: 0 : 20220, 1, 2022/11/13, 23:21:53.305, 1680963976043, vstest.console.dll, TestPluginCache: Loggers are ''.
TpTrace Verbose: 0 : 20220, 1, 2022/11/13, 23:21:53.305, 1680963977510, vstest.console.dll, TestPluginCache: TestHosts are 'HostProvider://DefaultTestHost,HostProvider://DotnetTestHost'.
TpTrace Verbose: 0 : 20220, 1, 2022/11/13, 23:21:53.305, 1680963978002, vstest.console.dll, TestPluginCache: DataCollectors are ''.
TpTrace Information: 0 : 20220, 1, 2022/11/13, 23:21:53.342, 1680964341873, vstest.console.dll, RunTestsArgumentProcessor:Execute: Test run is starting.
TpTrace Verbose: 0 : 20220, 1, 2022/11/13, 23:21:53.342, 1680964343102, vstest.console.dll, RunTestsArgumentProcessor:Execute: Queuing Test run.
TpTrace Information: 0 : 20220, 1, 2022/11/13, 23:21:53.342, 1680964345522, vstest.console.dll, TestRequestManager.RunTests: run tests started.
TpTrace Information: 0 : 20220, 1, 2022/11/13, 23:21:53.650, 1680967422143, vstest.console.dll, AssemblyMetadataProvider.GetFrameworkName: Determined framework:'.NETCoreApp,Version=v6.0' for source: 'C:\Users\Niroshan\Documents\GitHub\TaskDeadlineWebAPI\TaskDeadlineUnitTest\bin\Debug\fine-code-coverage-net6.0\TaskDeadlineUnitTest.dll'
TpTrace Information: 0 : 20220, 1, 2022/11/13, 23:21:53.650, 1680967424251, vstest.console.dll, Determined framework for all sources: .NETCoreApp,Version=v6.0
TpTrace Verbose: 0 : 20220, 1, 2022/11/13, 23:21:53.650, 1680967429953, vstest.console.dll, TestRequestManager.UpdateRunSettingsIfRequired: Default architecture: X64 IsDefaultTargetArchitecture: True, Current process architecture: X64 OperatingSystem: Windows.
TpTrace Information: 0 : 20220, 1, 2022/11/13, 23:21:53.653, 1680967452256, vstest.console.dll, AssemblyMetadataProvider.GetArchitecture: Determined architecture:AnyCPU info for assembly: C:\Users\Niroshan\Documents\GitHub\TaskDeadlineWebAPI\TaskDeadlineUnitTest\bin\Debug\fine-code-coverage-net6.0\TaskDeadlineUnitTest.dll
TpTrace Information: 0 : 20220, 1, 2022/11/13, 23:21:53.653, 1680967453074, vstest.console.dll, Determined platform for source 'C:\Users\Niroshan\Documents\GitHub\TaskDeadlineWebAPI\TaskDeadlineUnitTest\bin\Debug\fine-code-coverage-net6.0\TaskDeadlineUnitTest.dll' was AnyCPU and it will use the default plaform X64.
TpTrace Information: 0 : 20220, 1, 2022/11/13, 23:21:53.653, 1680967453585, vstest.console.dll, None of the sources provided any runnable platform, using the default platform: X64
TpTrace Information: 0 : 20220, 1, 2022/11/13, 23:21:53.653, 1680967454654, vstest.console.dll, Platform was updated to 'X64'.
TpTrace Information: 0 : 20220, 1, 2022/11/13, 23:21:53.663, 1680967556816, vstest.console.dll, InferRunSettingsHelper.IsTestSettingsEnabled: Unable to navigate to RunSettings/MSTest. Current node: RunSettings
TpTrace Information: 0 : 20220, 1, 2022/11/13, 23:21:53.664, 1680967564259, vstest.console.dll, AssemblyResolver.OnResolve: Microsoft.VisualStudio.TestPlatform.Fakes: Resolving assembly.
TpTrace Information: 0 : 20220, 1, 2022/11/13, 23:21:53.664, 1680967566379, vstest.console.dll, AssemblyResolver.OnResolve: Microsoft.VisualStudio.TestPlatform.Fakes: Searching in: 'C:\Program Files\dotnet\sdk\6.0.403\Extensions'.
TpTrace Information: 0 : 20220, 1, 2022/11/13, 23:21:53.664, 1680967569228, vstest.console.dll, AssemblyResolver.OnResolve: Microsoft.VisualStudio.TestPlatform.Fakes: Assembly path does not exist: 'C:\Program Files\dotnet\sdk\6.0.403\Extensions\Microsoft.VisualStudio.TestPlatform.Fakes.dll', returning.
TpTrace Information: 0 : 20220, 1, 2022/11/13, 23:21:53.664, 1680967571157, vstest.console.dll, AssemblyResolver.OnResolve: Microsoft.VisualStudio.TestPlatform.Fakes: Assembly path does not exist: 'C:\Program Files\dotnet\sdk\6.0.403\Extensions\Microsoft.VisualStudio.TestPlatform.Fakes.exe', returning.
TpTrace Information: 0 : 20220, 1, 2022/11/13, 23:21:53.665, 1680967571705, vstest.console.dll, AssemblyResolver.OnResolve: Microsoft.VisualStudio.TestPlatform.Fakes: Searching in: 'C:\Program Files\dotnet\sdk\6.0.403'.
TpTrace Information: 0 : 20220, 1, 2022/11/13, 23:21:53.665, 1680967572611, vstest.console.dll, AssemblyResolver.OnResolve: Microsoft.VisualStudio.TestPlatform.Fakes: Assembly path does not exist: 'C:\Program Files\dotnet\sdk\6.0.403\Microsoft.VisualStudio.TestPlatform.Fakes.dll', returning.
TpTrace Information: 0 : 20220, 1, 2022/11/13, 23:21:53.665, 1680967573703, vstest.console.dll, AssemblyResolver.OnResolve: Microsoft.VisualStudio.TestPlatform.Fakes: Assembly path does not exist: 'C:\Program Files\dotnet\sdk\6.0.403\Microsoft.VisualStudio.TestPlatform.Fakes.exe', returning.
TpTrace Information: 0 : 20220, 1, 2022/11/13, 23:21:53.665, 1680967574293, vstest.console.dll, AssemblyResolver.OnResolve: Microsoft.VisualStudio.TestPlatform.Fakes: Failed to load assembly.
TpTrace Information: 0 : 20220, 1, 2022/11/13, 23:21:53.665, 1680967577378, vstest.console.dll, Failed to load assembly Microsoft.VisualStudio.TestPlatform.Fakes, Version=17.0.0.0, Culture=neutral. Reason:System.IO.FileNotFoundException: Could not load file or assembly 'Microsoft.VisualStudio.TestPlatform.Fakes, Version=17.0.0.0, Culture=neutral, PublicKeyToken=null'. The system cannot find the file specified.
File name: 'Microsoft.VisualStudio.TestPlatform.Fakes, Version=17.0.0.0, Culture=neutral, PublicKeyToken=null'
   at System.Reflection.RuntimeAssembly.InternalLoad(ObjectHandleOnStack assemblyName, ObjectHandleOnStack requestingAssembly, StackCrawlMarkHandle stackMark, Boolean throwOnFileNotFound, ObjectHandleOnStack assemblyLoadContext, ObjectHandleOnStack retAssembly)
   at System.Reflection.RuntimeAssembly.InternalLoad(AssemblyName assemblyName, RuntimeAssembly requestingAssembly, StackCrawlMark& stackMark, Boolean throwOnFileNotFound, AssemblyLoadContext assemblyLoadContext)
   at System.Reflection.Assembly.Load(AssemblyName assemblyRef)
   at Microsoft.VisualStudio.TestPlatform.Common.Utilities.FakesUtilities.LoadTestPlatformAssembly()
TpTrace Verbose: 0 : 20220, 1, 2022/11/13, 23:21:53.670, 1680967627711, vstest.console.dll, TestPluginCache.DiscoverTestExtensions: finding test extensions in assemblies ends with: TestLogger.dll TPluginInfo: Microsoft.VisualStudio.TestPlatform.Common.ExtensionFramework.Utilities.TestLoggerPluginInformation TExtension: Microsoft.VisualStudio.TestPlatform.ObjectModel.Client.ITestLogger
TpTrace Verbose: 0 : 20220, 1, 2022/11/13, 23:21:53.670, 1680967629081, vstest.console.dll, TestPluginCache.GetExtensionPaths: Filtered extension paths: 
TpTrace Verbose: 0 : 20220, 1, 2022/11/13, 23:21:53.670, 1680967629592, vstest.console.dll, TestPluginCache.GetExtensionPaths: Added default extension paths: C:\Program Files\dotnet\sdk\6.0.403\Extensions\Microsoft.Diagnostics.NETCore.Client.dll
C:\Program Files\dotnet\sdk\6.0.403\Extensions\Microsoft.TestPlatform.Extensions.BlameDataCollector.dll
C:\Program Files\dotnet\sdk\6.0.403\Extensions\Microsoft.TestPlatform.Extensions.EventLogCollector.dll
C:\Program Files\dotnet\sdk\6.0.403\Extensions\Microsoft.TestPlatform.TestHostRuntimeProvider.dll
C:\Program Files\dotnet\sdk\6.0.403\Extensions\Microsoft.VisualStudio.TestPlatform.Extensions.Html.TestLogger.dll
C:\Program Files\dotnet\sdk\6.0.403\Extensions\Microsoft.VisualStudio.TestPlatform.Extensions.Trx.TestLogger.dll
TpTrace Verbose: 0 : 20220, 1, 2022/11/13, 23:21:53.670, 1680967630042, vstest.console.dll, TestPluginCache.GetExtensionPaths: Added unfilterableExtensionPaths: 
TpTrace Information: 0 : 20220, 1, 2022/11/13, 23:21:53.671, 1680967631602, vstest.console.dll, AssemblyResolver.AddSearchDirectories: Adding more searchDirectories C:\Program Files\dotnet\sdk\6.0.403\Extensions,C:\Program Files\dotnet\sdk\6.0.403
TpTrace Verbose: 0 : 20220, 1, 2022/11/13, 23:21:53.671, 1680967632225, vstest.console.dll, TestPluginCache.DiscoverTestExtensions: Discovering the extensions using extension path.
TpTrace Verbose: 0 : 20220, 1, 2022/11/13, 23:21:53.671, 1680967632748, vstest.console.dll, TestPluginCache.GetExtensionPaths: Filtered extension paths: 
TpTrace Verbose: 0 : 20220, 1, 2022/11/13, 23:21:53.671, 1680967633251, vstest.console.dll, TestPluginCache.GetExtensionPaths: Added default extension paths: C:\Program Files\dotnet\sdk\6.0.403\Extensions\Microsoft.Diagnostics.NETCore.Client.dll
C:\Program Files\dotnet\sdk\6.0.403\Extensions\Microsoft.TestPlatform.Extensions.BlameDataCollector.dll
C:\Program Files\dotnet\sdk\6.0.403\Extensions\Microsoft.TestPlatform.Extensions.EventLogCollector.dll
C:\Program Files\dotnet\sdk\6.0.403\Extensions\Microsoft.TestPlatform.TestHostRuntimeProvider.dll
C:\Program Files\dotnet\sdk\6.0.403\Extensions\Microsoft.VisualStudio.TestPlatform.Extensions.Html.TestLogger.dll
C:\Program Files\dotnet\sdk\6.0.403\Extensions\Microsoft.VisualStudio.TestPlatform.Extensions.Trx.TestLogger.dll
TpTrace Verbose: 0 : 20220, 1, 2022/11/13, 23:21:53.671, 1680967634185, vstest.console.dll, TestPluginCache.GetExtensionPaths: Added unfilterableExtensionPaths: 
TpTrace Verbose: 0 : 20220, 1, 2022/11/13, 23:21:53.671, 1680967634768, vstest.console.dll, TestPluginCache.DiscoverTestExtensions: Discovering the extensions using allExtensionPaths: C:\Program Files\dotnet\sdk\6.0.403\Extensions\Microsoft.Diagnostics.NETCore.Client.dll
C:\Program Files\dotnet\sdk\6.0.403\Extensions\Microsoft.TestPlatform.Extensions.BlameDataCollector.dll
C:\Program Files\dotnet\sdk\6.0.403\Extensions\Microsoft.TestPlatform.Extensions.EventLogCollector.dll
C:\Program Files\dotnet\sdk\6.0.403\Extensions\Microsoft.TestPlatform.TestHostRuntimeProvider.dll
C:\Program Files\dotnet\sdk\6.0.403\Extensions\Microsoft.VisualStudio.TestPlatform.Extensions.Html.TestLogger.dll
C:\Program Files\dotnet\sdk\6.0.403\Extensions\Microsoft.VisualStudio.TestPlatform.Extensions.Trx.TestLogger.dll
TpTrace Information: 0 : 20220, 1, 2022/11/13, 23:21:53.671, 1680967635370, vstest.console.dll, AssemblyResolver.AddSearchDirectories: Adding more searchDirectories C:\Program Files\dotnet\sdk\6.0.403\Extensions,C:\Program Files\dotnet\sdk\6.0.403
TpTrace Information: 0 : 20220, 1, 2022/11/13, 23:21:53.671, 1680967635930, vstest.console.dll, AssemblyResolver.AddSearchDirectories: Adding more searchDirectories C:\Program Files\dotnet\sdk\6.0.403\Extensions,C:\Program Files\dotnet\sdk\6.0.403
TpTrace Information: 0 : 20220, 1, 2022/11/13, 23:21:53.671, 1680967636436, vstest.console.dll, AssemblyResolver.AddSearchDirectories: Adding more searchDirectories C:\Program Files\dotnet\sdk\6.0.403\Extensions,C:\Program Files\dotnet\sdk\6.0.403
TpTrace Information: 0 : 20220, 1, 2022/11/13, 23:21:53.671, 1680967637300, vstest.console.dll, AssemblyResolver.AddSearchDirectories: Adding more searchDirectories C:\Program Files\dotnet\sdk\6.0.403\Extensions,C:\Program Files\dotnet\sdk\6.0.403
TpTrace Information: 0 : 20220, 1, 2022/11/13, 23:21:53.671, 1680967637804, vstest.console.dll, AssemblyResolver.AddSearchDirectories: Adding more searchDirectories C:\Program Files\dotnet\sdk\6.0.403\Extensions,C:\Program Files\dotnet\sdk\6.0.403
TpTrace Information: 0 : 20220, 1, 2022/11/13, 23:21:53.671, 1680967638255, vstest.console.dll, AssemblyResolver.AddSearchDirectories: Adding more searchDirectories C:\Program Files\dotnet\sdk\6.0.403\Extensions,C:\Program Files\dotnet\sdk\6.0.403
TpTrace Verbose: 0 : 20220, 1, 2022/11/13, 23:21:53.671, 1680967639578, vstest.console.dll, MetadataReaderExtensionsHelper: Discovering extensions inside assembly 'Microsoft.Diagnostics.NETCore.Client, Version=0.2.5.801, Culture=neutral, PublicKeyToken=31bf3856ad364e35' file path 'C:\Program Files\dotnet\sdk\6.0.403\Extensions\Microsoft.Diagnostics.NETCore.Client.dll'
TpTrace Information: 0 : 20220, 1, 2022/11/13, 23:21:53.672, 1680967643933, vstest.console.dll, AssemblyResolver.OnResolve: Microsoft.Bcl.AsyncInterfaces: Resolving assembly.
TpTrace Information: 0 : 20220, 1, 2022/11/13, 23:21:53.672, 1680967644560, vstest.console.dll, AssemblyResolver.OnResolve: Microsoft.Bcl.AsyncInterfaces: Resolved from cache.
TpTrace Verbose: 0 : 20220, 1, 2022/11/13, 23:21:53.672, 1680967645042, vstest.console.dll, CurrentDomainAssemblyResolve: Resolving assembly 'Microsoft.Bcl.AsyncInterfaces'.
TpTrace Information: 0 : 20220, 1, 2022/11/13, 23:21:53.672, 1680967645803, vstest.console.dll, AssemblyResolver.OnResolve: Microsoft.Bcl.AsyncInterfaces: Resolving assembly.
TpTrace Information: 0 : 20220, 1, 2022/11/13, 23:21:53.672, 1680967646257, vstest.console.dll, AssemblyResolver.OnResolve: Microsoft.Bcl.AsyncInterfaces: Resolved from cache.
TpTrace Verbose: 0 : 20220, 1, 2022/11/13, 23:21:53.672, 1680967646760, vstest.console.dll, CurrentDomainAssemblyResolve: Resolving assembly 'Microsoft.Bcl.AsyncInterfaces'.
TpTrace Verbose: 0 : 20220, 1, 2022/11/13, 23:21:53.672, 1680967647261, vstest.console.dll, CurrentDomainAssemblyResolve: Failed to resolve assembly 'Microsoft.Bcl.AsyncInterfaces'.
TpTrace Verbose: 0 : 20220, 1, 2022/11/13, 23:21:53.672, 1680967648825, vstest.console.dll, CurrentDomainAssemblyResolve: Failed to resolve assembly 'Microsoft.Bcl.AsyncInterfaces'.
TpTrace Warning: 0 : 20220, 1, 2022/11/13, 23:21:53.673, 1680967652759, vstest.console.dll, TestPluginDiscoverer: Failed to get types from assembly 'Microsoft.Diagnostics.NETCore.Client, Version=0.2.5.801, Culture=neutral, PublicKeyToken=31bf3856ad364e35'. Error: System.Reflection.ReflectionTypeLoadException: Unable to load one or more of the requested types.
Could not load file or assembly 'Microsoft.Bcl.AsyncInterfaces, Version=1.0.0.0, Culture=neutral, PublicKeyToken=cc7b13ffcd2ddd51'. The system cannot find the file specified.
   at System.Reflection.RuntimeModule.GetTypes(RuntimeModule module)
   at System.Reflection.Assembly.GetTypes()
   at Microsoft.VisualStudio.TestPlatform.Common.ExtensionFramework.TestPluginDiscoverer.GetTestExtensionsFromAssembly[TPluginInfo,TExtension](Assembly assembly, Dictionary`2 pluginInfos, String filePath)
System.IO.FileNotFoundException: Could not load file or assembly 'Microsoft.Bcl.AsyncInterfaces, Version=1.0.0.0, Culture=neutral, PublicKeyToken=cc7b13ffcd2ddd51'. The system cannot find the file specified.
File name: 'Microsoft.Bcl.AsyncInterfaces, Version=1.0.0.0, Culture=neutral, PublicKeyToken=cc7b13ffcd2ddd51'
 ---> System.IO.FileNotFoundException: Could not load file or assembly 'Microsoft.Bcl.AsyncInterfaces, Culture=neutral, PublicKeyToken=null'. The system cannot find the file specified.
File name: 'Microsoft.Bcl.AsyncInterfaces, Culture=neutral, PublicKeyToken=null'
   at System.Reflection.RuntimeAssembly.InternalLoad(ObjectHandleOnStack assemblyName, ObjectHandleOnStack requestingAssembly, StackCrawlMarkHandle stackMark, Boolean throwOnFileNotFound, ObjectHandleOnStack assemblyLoadContext, ObjectHandleOnStack retAssembly)
   at System.Reflection.RuntimeAssembly.InternalLoad(AssemblyName assemblyName, RuntimeAssembly requestingAssembly, StackCrawlMark& stackMark, Boolean throwOnFileNotFound, AssemblyLoadContext assemblyLoadContext)
   at System.Reflection.Assembly.Load(AssemblyName assemblyRef)
   at Microsoft.VisualStudio.TestPlatform.Common.ExtensionFramework.TestPluginCache.CurrentDomainAssemblyResolve(Object sender, AssemblyResolveEventArgs args)
   at Microsoft.VisualStudio.TestPlatform.PlatformAbstractions.PlatformAssemblyResolver.AssemblyResolverEvent(Object sender, Object eventArgs)
   at System.Runtime.Loader.AssemblyLoadContext.GetFirstResolvedAssemblyFromResolvingEvent(AssemblyName assemblyName)
   at System.Runtime.Loader.AssemblyLoadContext.ResolveUsingEvent(AssemblyName assemblyName)
   at System.Runtime.Loader.AssemblyLoadContext.ResolveUsingResolvingEvent(IntPtr gchManagedAssemblyLoadContext, AssemblyName assemblyName)
TpTrace Warning: 0 : 20220, 1, 2022/11/13, 23:21:53.673, 1680967655030, vstest.console.dll, LoaderExceptions: System.IO.FileNotFoundException: Could not load file or assembly 'Microsoft.Bcl.AsyncInterfaces, Version=1.0.0.0, Culture=neutral, PublicKeyToken=cc7b13ffcd2ddd51'. The system cannot find the file specified.
File name: 'Microsoft.Bcl.AsyncInterfaces, Version=1.0.0.0, Culture=neutral, PublicKeyToken=cc7b13ffcd2ddd51'
 ---> System.IO.FileNotFoundException: Could not load file or assembly 'Microsoft.Bcl.AsyncInterfaces, Culture=neutral, PublicKeyToken=null'. The system cannot find the file specified.
File name: 'Microsoft.Bcl.AsyncInterfaces, Culture=neutral, PublicKeyToken=null'
   at System.Reflection.RuntimeAssembly.InternalLoad(ObjectHandleOnStack assemblyName, ObjectHandleOnStack requestingAssembly, StackCrawlMarkHandle stackMark, Boolean throwOnFileNotFound, ObjectHandleOnStack assemblyLoadContext, ObjectHandleOnStack retAssembly)
   at System.Reflection.RuntimeAssembly.InternalLoad(AssemblyName assemblyName, RuntimeAssembly requestingAssembly, StackCrawlMark& stackMark, Boolean throwOnFileNotFound, AssemblyLoadContext assemblyLoadContext)
   at System.Reflection.Assembly.Load(AssemblyName assemblyRef)
   at Microsoft.VisualStudio.TestPlatform.Common.ExtensionFramework.TestPluginCache.CurrentDomainAssemblyResolve(Object sender, AssemblyResolveEventArgs args)
   at Microsoft.VisualStudio.TestPlatform.PlatformAbstractions.PlatformAssemblyResolver.AssemblyResolverEvent(Object sender, Object eventArgs)
   at System.Runtime.Loader.AssemblyLoadContext.GetFirstResolvedAssemblyFromResolvingEvent(AssemblyName assemblyName)
   at System.Runtime.Loader.AssemblyLoadContext.ResolveUsingEvent(AssemblyName assemblyName)
   at System.Runtime.Loader.AssemblyLoadContext.ResolveUsingResolvingEvent(IntPtr gchManagedAssemblyLoadContext, AssemblyName assemblyName)
TpTrace Verbose: 0 : 20220, 1, 2022/11/13, 23:21:53.673, 1680967656521, vstest.console.dll, MetadataReaderExtensionsHelper: Discovering extensions inside assembly 'Microsoft.TestPlatform.Extensions.BlameDataCollector, Version=15.0.0.0, Culture=neutral, PublicKeyToken=b03f5f7f11d50a3a' file path 'C:\Program Files\dotnet\sdk\6.0.403\Extensions\Microsoft.TestPlatform.Extensions.BlameDataCollector.dll'
TpTrace Information: 0 : 20220, 1, 2022/11/13, 23:21:53.673, 1680967660850, vstest.console.dll, GetTestExtensionFromType: Register extension with identifier data 'logger://Microsoft/TestPlatform/Extensions/Blame/v1' and type 'Microsoft.TestPlatform.Extensions.BlameDataCollector.BlameLogger, Microsoft.TestPlatform.Extensions.BlameDataCollector, Version=15.0.0.0, Culture=neutral, PublicKeyToken=b03f5f7f11d50a3a' inside file 'C:\Program Files\dotnet\sdk\6.0.403\Extensions\Microsoft.TestPlatform.Extensions.BlameDataCollector.dll'
TpTrace Verbose: 0 : 20220, 1, 2022/11/13, 23:21:53.674, 1680967661686, vstest.console.dll, MetadataReaderExtensionsHelper: Discovering extensions inside assembly 'Microsoft.TestPlatform.Extensions.EventLogCollector, Version=15.0.0.0, Culture=neutral, PublicKeyToken=b03f5f7f11d50a3a' file path 'C:\Program Files\dotnet\sdk\6.0.403\Extensions\Microsoft.TestPlatform.Extensions.EventLogCollector.dll'
TpTrace Verbose: 0 : 20220, 1, 2022/11/13, 23:21:53.674, 1680967664740, vstest.console.dll, MetadataReaderExtensionsHelper: Discovering extensions inside assembly 'Microsoft.TestPlatform.TestHostRuntimeProvider, Version=15.0.0.0, Culture=neutral, PublicKeyToken=b03f5f7f11d50a3a' file path 'C:\Program Files\dotnet\sdk\6.0.403\Extensions\Microsoft.TestPlatform.TestHostRuntimeProvider.dll'
TpTrace Verbose: 0 : 20220, 1, 2022/11/13, 23:21:53.674, 1680967668061, vstest.console.dll, MetadataReaderExtensionsHelper: Discovering extensions inside assembly 'Microsoft.VisualStudio.TestPlatform.Extensions.Html.TestLogger, Version=15.0.0.0, Culture=neutral, PublicKeyToken=b03f5f7f11d50a3a' file path 'C:\Program Files\dotnet\sdk\6.0.403\Extensions\Microsoft.VisualStudio.TestPlatform.Extensions.Html.TestLogger.dll'
TpTrace Information: 0 : 20220, 1, 2022/11/13, 23:21:53.674, 1680967671559, vstest.console.dll, GetTestExtensionFromType: Register extension with identifier data 'logger://Microsoft/TestPlatform/HtmlLogger/v1' and type 'Microsoft.VisualStudio.TestPlatform.Extensions.HtmlLogger.HtmlLogger, Microsoft.VisualStudio.TestPlatform.Extensions.Html.TestLogger, Version=15.0.0.0, Culture=neutral, PublicKeyToken=b03f5f7f11d50a3a' inside file 'C:\Program Files\dotnet\sdk\6.0.403\Extensions\Microsoft.VisualStudio.TestPlatform.Extensions.Html.TestLogger.dll'
TpTrace Verbose: 0 : 20220, 1, 2022/11/13, 23:21:53.675, 1680967672456, vstest.console.dll, MetadataReaderExtensionsHelper: Discovering extensions inside assembly 'Microsoft.VisualStudio.TestPlatform.Extensions.Trx.TestLogger, Version=15.0.0.0, Culture=neutral, PublicKeyToken=b03f5f7f11d50a3a' file path 'C:\Program Files\dotnet\sdk\6.0.403\Extensions\Microsoft.VisualStudio.TestPlatform.Extensions.Trx.TestLogger.dll'
TpTrace Information: 0 : 20220, 1, 2022/11/13, 23:21:53.675, 1680967675908, vstest.console.dll, GetTestExtensionFromType: Register extension with identifier data 'logger://Microsoft/TestPlatform/TrxLogger/v1' and type 'Microsoft.VisualStudio.TestPlatform.Extensions.TrxLogger.TrxLogger, Microsoft.VisualStudio.TestPlatform.Extensions.Trx.TestLogger, Version=15.0.0.0, Culture=neutral, PublicKeyToken=b03f5f7f11d50a3a' inside file 'C:\Program Files\dotnet\sdk\6.0.403\Extensions\Microsoft.VisualStudio.TestPlatform.Extensions.Trx.TestLogger.dll'
TpTrace Verbose: 0 : 20220, 1, 2022/11/13, 23:21:53.675, 1680967678652, vstest.console.dll, TestPluginCache: Discovered the extensions using extension path ''.
TpTrace Verbose: 0 : 20220, 1, 2022/11/13, 23:21:53.675, 1680967679611, vstest.console.dll, TestPluginCache: Discoverers are ''.
TpTrace Verbose: 0 : 20220, 1, 2022/11/13, 23:21:53.675, 1680967680355, vstest.console.dll, TestPluginCache: Executors are ''.
TpTrace Verbose: 0 : 20220, 1, 2022/11/13, 23:21:53.675, 1680967681202, vstest.console.dll, TestPluginCache: Executors2 are ''.
TpTrace Verbose: 0 : 20220, 1, 2022/11/13, 23:21:53.676, 1680967681951, vstest.console.dll, TestPluginCache: Setting providers are ''.
TpTrace Verbose: 0 : 20220, 1, 2022/11/13, 23:21:53.676, 1680967683392, vstest.console.dll, TestPluginCache: Loggers are 'logger://Microsoft/TestPlatform/Extensions/Blame/v1,logger://Microsoft/TestPlatform/HtmlLogger/v1,logger://Microsoft/TestPlatform/TrxLogger/v1'.
TpTrace Verbose: 0 : 20220, 1, 2022/11/13, 23:21:53.676, 1680967684395, vstest.console.dll, TestPluginCache: TestHosts are 'HostProvider://DefaultTestHost,HostProvider://DotnetTestHost'.
TpTrace Verbose: 0 : 20220, 1, 2022/11/13, 23:21:53.676, 1680967685209, vstest.console.dll, TestPluginCache: DataCollectors are ''.
TpTrace Information: 0 : 20220, 1, 2022/11/13, 23:21:53.677, 1680967697991, vstest.console.dll, TestPluginManager.CreateTestExtension: Attempting to load test extension: Microsoft.TestPlatform.Extensions.BlameDataCollector.BlameLogger
TpTrace Verbose: 0 : 20220, 1, 2022/11/13, 23:21:53.684, 1680967766211, vstest.console.dll, TestEngine: Initializing Parallel Execution as MaxCpuCount is set to: 1
TpTrace Information: 0 : 20220, 1, 2022/11/13, 23:21:53.687, 1680967794859, vstest.console.dll, TestPluginManager.CreateTestExtension: Attempting to load test extension: Microsoft.VisualStudio.TestPlatform.CrossPlatEngine.Hosting.DefaultTestHostManager
TpTrace Information: 0 : 20220, 1, 2022/11/13, 23:21:53.688, 1680967803292, vstest.console.dll, TestPluginManager.CreateTestExtension: Attempting to load test extension: Microsoft.VisualStudio.TestPlatform.CrossPlatEngine.Hosting.DotnetTestHostManager
TpTrace Information: 0 : 20220, 1, 2022/11/13, 23:21:53.688, 1680967809181, vstest.console.dll, InferRunSettingsHelper.IsTestSettingsEnabled: Unable to navigate to RunSettings/MSTest. Current node: RunSettings
TpTrace Verbose: 0 : 20220, 1, 2022/11/13, 23:21:53.694, 1680967862981, vstest.console.dll, TestEngine.GetExecutionManager: Chosen execution manager 'Microsoft.VisualStudio.TestPlatform.CrossPlatEngine.Client.Parallel.ParallelProxyExecutionManager, Microsoft.TestPlatform.CrossPlatEngine, Version=15.0.0.0, Culture=neutral, PublicKeyToken=b03f5f7f11d50a3a' ParallelLevel '1'.
TpTrace Verbose: 0 : 20220, 1, 2022/11/13, 23:21:53.694, 1680967864892, vstest.console.dll, TestRunRequest.ExecuteAsync: Creating test run request.
TpTrace Verbose: 0 : 20220, 1, 2022/11/13, 23:21:53.694, 1680967867201, vstest.console.dll, TestRunRequest.ExecuteAsync: Starting.
TpTrace Information: 0 : 20220, 1, 2022/11/13, 23:21:53.694, 1680967870395, vstest.console.dll, TestRunRequest.ExecuteAsync: Starting run with settings:TestRunCriteria:
   KeepAlive=False,FrequencyOfRunStatsChangeEvent=10,RunStatsChangeEventTimeout=00:00:01.5000000,TestCaseFilter=,TestExecutorLauncher=
   Settingsxml=<RunSettings>
  <RunConfiguration>
    <ResultsDirectory>C:\Users\Niroshan\Documents\GitHub\TaskDeadlineWebAPI\TaskDeadlineUnitTest\bin\Debug\net6.0\fine-code-coverage\coverage-tool-output</ResultsDirectory>
    <TargetPlatform>X64</TargetPlatform>
    <TargetFrameworkVersion>.NETCoreApp,Version=v6.0</TargetFrameworkVersion>
    <DesignMode>False</DesignMode>
    <CollectSourceInformation>False</CollectSourceInformation>
  </RunConfiguration>
  <LoggerRunSettings>
    <Loggers>
      <Logger friendlyName="blame" enabled="True" />
      <Logger friendlyName="Console" uri="logger://microsoft/TestPlatform/ConsoleLogger/v1" assemblyQualifiedName="Microsoft.VisualStudio.TestPlatform.CommandLine.Internal.ConsoleLogger, vstest.console, Version=15.0.0.0, Culture=neutral, PublicKeyToken=b03f5f7f11d50a3a" codeBase="C:\Program Files\dotnet\sdk\6.0.403\vstest.console.dll" enabled="True" />
    </Loggers>
  </LoggerRunSettings>
  <DataCollectionRunSettings>
    <DataCollectors>
      <DataCollector friendlyName="blame" enabled="True">
        <Configuration>
          <ResultsDirectory>C:\Users\Niroshan\Documents\GitHub\TaskDeadlineWebAPI\TaskDeadlineUnitTest\bin\Debug\net6.0\fine-code-coverage\coverage-tool-output</ResultsDirectory>
        </Configuration>
      </DataCollector>
    </DataCollectors>
  </DataCollectionRunSettings>
</RunSettings>

TpTrace Verbose: 0 : 20220, 1, 2022/11/13, 23:21:53.694, 1680967871156, vstest.console.dll, TestRunRequest.ExecuteAsync: Wait for the first run request is over.
TpTrace Verbose: 0 : 20220, 1, 2022/11/13, 23:21:53.695, 1680967874005, vstest.console.dll, MulticastDelegateUtilities.SafeInvoke: TestRun.TestRunStart: Invoking callbacks was skipped because there are no subscribers.
TpTrace Verbose: 0 : 20220, 4, 2022/11/13, 23:21:53.695, 1680967876968, vstest.console.dll, MulticastDelegateUtilities.SafeInvoke: InternalTestLoggerEvents.SendTestRunStart: Invoking callback 1/1 for Microsoft.VisualStudio.TestPlatform.CommandLine.Internal.ConsoleLogger.TestRunStartHandler, took 0 ms.
TpTrace Verbose: 0 : 20220, 1, 2022/11/13, 23:21:53.696, 1680967884072, vstest.console.dll, ParallelProxyExecutionManager: Start execution. Total sources: 1
TpTrace Verbose: 0 : 20220, 1, 2022/11/13, 23:21:53.697, 1680967898286, vstest.console.dll, TestRequestSender is acting as server.
TpTrace Verbose: 0 : 20220, 1, 2022/11/13, 23:21:53.699, 1680967913306, vstest.console.dll, DataCollectionRequestSender.InitializeCommunication : Initialize communication. 
TpTrace Information: 0 : 20220, 1, 2022/11/13, 23:21:53.705, 1680967980361, vstest.console.dll, Listening on Endpoint : 127.0.0.1:3296
TpTrace Verbose: 0 : 20220, 1, 2022/11/13, 23:21:53.712, 1680968050369, vstest.console.dll, DotnetDataCollectionLauncher: Adding  --runtimeconfig "C:\Program Files\dotnet\sdk\6.0.403\datacollector.runtimeconfig.json" in args
TpTrace Verbose: 0 : 20220, 1, 2022/11/13, 23:21:53.713, 1680968051939, vstest.console.dll, DotnetDataCollectionLauncher: Adding  --depsfile "C:\Program Files\dotnet\sdk\6.0.403\datacollector.deps.json" in args
TpTrace Verbose: 0 : 20220, 1, 2022/11/13, 23:21:53.713, 1680968055241, vstest.console.dll, DotnetDataCollectionLauncher: Full path of dotnet.exe is C:\Program Files\dotnet\dotnet.exe
TpTrace Information: 0 : 20220, 1, 2022/11/13, 23:21:53.723, 1680968153183, vstest.console.dll, ProxyDataCollectionManager.Initialize: Launched datacollector processId: 32828 port: 3296
TpTrace Information: 0 : 20220, 1, 2022/11/13, 23:21:53.723, 1680968155751, vstest.console.dll, ProxyDataCollectionManager.Initialize: waiting for connection with timeout: 90 seconds
TpTrace Verbose: 0 : 20220, 1, 2022/11/13, 23:21:53.723, 1680968156500, vstest.console.dll, DataCollectionRequestSender.WaitForRequestHandlerConnection : Waiting for connection with timeout: 90000
TpTrace Information: 0 : 20220, 5, 2022/11/13, 23:21:54.017, 1680971100074, vstest.console.dll, Using the buffer size of 16384 bytes
TpTrace Verbose: 0 : 20220, 1, 2022/11/13, 23:21:54.017, 1680971100332, vstest.console.dll, SocketCommunicationManager.WaitForClientConnection took: 294 ms, with 90000 ms timeout, and finished with True.
TpTrace Information: 0 : 20220, 5, 2022/11/13, 23:21:54.017, 1680971101584, vstest.console.dll, Accepted Client request and set the flag
TpTrace Verbose: 0 : 20220, 1, 2022/11/13, 23:21:54.018, 1680971103670, vstest.console.dll, ProxyDataCollectionManager.InvokeDataCollectionServiceAction: Starting.
TpTrace Information: 0 : 20220, 1, 2022/11/13, 23:21:54.018, 1680971104963, vstest.console.dll, ProxyDataCollectionManager.BeforeTestRunStart: Get environment variable and port for datacollector processId: 32828 port: 3296
TpTrace Verbose: 0 : 20220, 1, 2022/11/13, 23:21:54.018, 1680971106503, vstest.console.dll, DataCollectionRequestSender.SendBeforeTestRunStartAndGetResult: Send BeforeTestRunStart message with settingsXml <RunSettings><RunConfiguration><ResultsDirectory>C:\Users\Niroshan\Documents\GitHub\TaskDeadlineWebAPI\TaskDeadlineUnitTest\bin\Debug\net6.0\fine-code-coverage\coverage-tool-output</ResultsDirectory><TargetPlatform>X64</TargetPlatform><TargetFrameworkVersion>.NETCoreApp,Version=v6.0</TargetFrameworkVersion><DesignMode>False</DesignMode><CollectSourceInformation>False</CollectSourceInformation><TestAdaptersPaths>C:\Program Files\dotnet\sdk\6.0.403\Extensions</TestAdaptersPaths></RunConfiguration><LoggerRunSettings><Loggers><Logger friendlyName="blame" enabled="True" /><Logger friendlyName="Console" uri="logger://microsoft/TestPlatform/ConsoleLogger/v1" assemblyQualifiedName="Microsoft.VisualStudio.TestPlatform.CommandLine.Internal.ConsoleLogger, vstest.console, Version=15.0.0.0, Culture=neutral, PublicKeyToken=b03f5f7f11d50a3a" codeBase="C:\Program Files\dotnet\sdk\6.0.403\vstest.console.dll" enabled="True" /></Loggers></LoggerRunSettings><DataCollectionRunSettings><DataCollectors><DataCollector friendlyName="blame" enabled="True"><Configuration><ResultsDirectory>C:\Users\Niroshan\Documents\GitHub\TaskDeadlineWebAPI\TaskDeadlineUnitTest\bin\Debug\net6.0\fine-code-coverage\coverage-tool-output</ResultsDirectory></Configuration></DataCollector></DataCollectors></DataCollectionRunSettings></RunSettings> and sources System.Collections.Generic.List`1[System.String]: 
TpTrace Verbose: 0 : 20220, 1, 2022/11/13, 23:21:54.085, 1680971780303, vstest.console.dll, DataCollectionRequestSender.SendBeforeTestRunStartAndGetResult: Received message: (DataCollection.SendMessage) -> {"MessageType":"DataCollection.SendMessage","Payload":{"FriendlyName":null,"Uri":null,"TestCaseId":"00000000-0000-0000-0000-000000000000","Message":"Logging DataCollector Diagnostics in file: C:\\Users\\Niroshan\\Documents\\GitHub\\TaskDeadlineWebAPI\\TaskDeadlineUnitTest\\bin\\Debug\\net6.0\\fine-code-coverage\\coverage-tool-output\\diagnostics.datacollector.22-11-13_23-21-53_71261_1.log","Level":0}}
TpTrace Verbose: 0 : 20220, 1, 2022/11/13, 23:21:54.247, 1680973400896, vstest.console.dll, DataCollectionRequestSender.SendBeforeTestRunStartAndGetResult: Received message: (DataCollection.BeforeTestRunStartResult) -> {"MessageType":"DataCollection.BeforeTestRunStartResult","Payload":{"EnvironmentVariables":{},"DataCollectionEventsPort":3298}}
TpTrace Information: 0 : 20220, 1, 2022/11/13, 23:21:54.252, 1680973451074, vstest.console.dll, ProxyDataCollectionManager.BeforeTestRunStart: SendBeforeTestRunStartAndGetResult successful, env variable from datacollector:   and testhost port: 3298
TpTrace Information: 0 : 20220, 1, 2022/11/13, 23:21:54.253, 1680973452763, vstest.console.dll, ProxyDataCollectionManager.InvokeDataCollectionServiceAction: Completed.
TpTrace Verbose: 0 : 20220, 1, 2022/11/13, 23:21:54.253, 1680973454328, vstest.console.dll, ProxyParallelExecutionManager: No sources available for execution.
TpTrace Verbose: 0 : 20220, 7, 2022/11/13, 23:21:54.253, 1680973454400, vstest.console.dll, ParallelProxyExecutionManager: Execution started. Started clients: 1
TpTrace Information: 0 : 20220, 1, 2022/11/13, 23:21:54.253, 1680973455224, vstest.console.dll, TestRunRequest.ExecuteAsync: Started.
TpTrace Verbose: 0 : 20220, 1, 2022/11/13, 23:21:54.253, 1680973457578, vstest.console.dll, TestRunRequest.WaitForCompletion: Waiting with timeout -1.
TpTrace Verbose: 0 : 20220, 7, 2022/11/13, 23:21:54.253, 1680973457906, vstest.console.dll, TestRunRequest:SendTestRunMessage: Starting.
TpTrace Verbose: 0 : 20220, 7, 2022/11/13, 23:21:54.253, 1680973459788, vstest.console.dll, MulticastDelegateUtilities.SafeInvoke: TestRun.LogMessages: Invoking callback 1/1 for Microsoft.VisualStudio.TestPlatform.CommandLine.TestRunResultAggregator.TestRunMessageHandler, took 0 ms.
TpTrace Verbose: 0 : 20220, 4, 2022/11/13, 23:21:54.253, 1680973459863, vstest.console.dll, MulticastDelegateUtilities.SafeInvoke: InternalTestLoggerEvents.SendTestRunMessage: Invoking callback 1/1 for Microsoft.VisualStudio.TestPlatform.CommandLine.Internal.ConsoleLogger.TestMessageHandler, took 0 ms.
TpTrace Information: 0 : 20220, 7, 2022/11/13, 23:21:54.253, 1680973460427, vstest.console.dll, TestRunRequest:SendTestRunMessage: Completed.
TpTrace Verbose: 0 : 20220, 7, 2022/11/13, 23:21:54.254, 1680973463285, vstest.console.dll, ProxyExecutionManager: Test host is always Lazy initialize.
TpTrace Verbose: 0 : 20220, 7, 2022/11/13, 23:21:54.254, 1680973465455, vstest.console.dll, TestRequestSender.InitializeCommunication: initialize communication. 
TpTrace Information: 0 : 20220, 7, 2022/11/13, 23:21:54.254, 1680973471076, vstest.console.dll, SocketServer.Start: Listening on endpoint : 127.0.0.1:3299
TpTrace Verbose: 0 : 20220, 7, 2022/11/13, 23:21:54.255, 1680973476644, vstest.console.dll, DotnetTestHostmanager.GetTestHostProcessStartInfo: Platform environment 'X64' target architecture 'X64' framework '.NETCoreApp,Version=v6.0' OS 'Windows'
TpTrace Verbose: 0 : 20220, 7, 2022/11/13, 23:21:54.255, 1680973478949, vstest.console.dll, DotnetTestHostmanager: Adding  --runtimeconfig "C:\Users\Niroshan\Documents\GitHub\TaskDeadlineWebAPI\TaskDeadlineUnitTest\bin\Debug\fine-code-coverage-net6.0\TaskDeadlineUnitTest.runtimeconfig.json" in args
TpTrace Verbose: 0 : 20220, 7, 2022/11/13, 23:21:54.255, 1680973480063, vstest.console.dll, DotnetTestHostmanager: Adding  --depsfile "C:\Users\Niroshan\Documents\GitHub\TaskDeadlineWebAPI\TaskDeadlineUnitTest\bin\Debug\fine-code-coverage-net6.0\TaskDeadlineUnitTest.deps.json" in args
TpTrace Verbose: 0 : 20220, 7, 2022/11/13, 23:21:54.256, 1680973483128, vstest.console.dll, DotnetTestHostmanager.IsWinOnArm: Current PROCESSOR_ARCHITECTURE from environment variable 'AMD64'
TpTrace Verbose: 0 : 20220, 7, 2022/11/13, 23:21:54.256, 1680973483848, vstest.console.dll, DotnetTestHostmanager.IsWinOnArm: Is Windows on ARM 'False'
TpTrace Verbose: 0 : 20220, 7, 2022/11/13, 23:21:54.256, 1680973484887, vstest.console.dll, DotnetTestHostManager: testhost.exe found at path: C:\Users\Niroshan\Documents\GitHub\TaskDeadlineWebAPI\TaskDeadlineUnitTest\bin\Debug\fine-code-coverage-net6.0\testhost.exe
TpTrace Verbose: 0 : 20220, 7, 2022/11/13, 23:21:54.256, 1680973485493, vstest.console.dll, DotnetTestHostmanager: Full path of host exe is C:\Users\Niroshan\Documents\GitHub\TaskDeadlineWebAPI\TaskDeadlineUnitTest\bin\Debug\fine-code-coverage-net6.0\testhost.exe
TpTrace Verbose: 0 : 20220, 7, 2022/11/13, 23:21:54.256, 1680973486756, vstest.console.dll, DotnetTestHostmanager.LaunchTestHostAsync: Found 'VSTEST_WINAPPHOST_DOTNET_ROOT' in env variables, value 'C:\Program Files\dotnet', forwarding to 'DOTNET_ROOT'
TpTrace Verbose: 0 : 20220, 7, 2022/11/13, 23:21:54.256, 1680973488243, vstest.console.dll, DotnetTestHostManager: Starting process 'C:\Users\Niroshan\Documents\GitHub\TaskDeadlineWebAPI\TaskDeadlineUnitTest\bin\Debug\fine-code-coverage-net6.0\testhost.exe' with command line ' --runtimeconfig "C:\Users\Niroshan\Documents\GitHub\TaskDeadlineWebAPI\TaskDeadlineUnitTest\bin\Debug\fine-code-coverage-net6.0\TaskDeadlineUnitTest.runtimeconfig.json" --depsfile "C:\Users\Niroshan\Documents\GitHub\TaskDeadlineWebAPI\TaskDeadlineUnitTest\bin\Debug\fine-code-coverage-net6.0\TaskDeadlineUnitTest.deps.json" --port 3299 --endpoint 127.0.0.1:03299 --role client --parentprocessid 20220 --diag "C:\Users\Niroshan\Documents\GitHub\TaskDeadlineWebAPI\TaskDeadlineUnitTest\bin\Debug\net6.0\fine-code-coverage\coverage-tool-output\diagnostics.host.22-11-13_23-21-54_25526_7.log" --tracelevel 4 --datacollectionport 3298 --telemetryoptedin false'
TpTrace Verbose: 0 : 20220, 7, 2022/11/13, 23:21:54.270, 1680973628110, vstest.console.dll, MulticastDelegateUtilities.SafeInvoke: HostProviderEvents.OnHostLaunched: Invoking callback 1/2 for Microsoft.VisualStudio.TestPlatform.CrossPlatEngine.Client.ProxyExecutionManagerWithDataCollection.TestHostLaunchedHandler, took 1 ms.
TpTrace Verbose: 0 : 20220, 7, 2022/11/13, 23:21:54.270, 1680973629371, vstest.console.dll, Test Runtime launched
TpTrace Verbose: 0 : 20220, 7, 2022/11/13, 23:21:54.270, 1680973629944, vstest.console.dll, MulticastDelegateUtilities.SafeInvoke: HostProviderEvents.OnHostLaunched: Invoking callback 2/2 for Microsoft.VisualStudio.TestPlatform.CrossPlatEngine.Client.ProxyOperationManager.TestHostManagerHostLaunched, took 0 ms.
TpTrace Verbose: 0 : 20220, 7, 2022/11/13, 23:21:54.270, 1680973631490, vstest.console.dll, TestRequestSender.WaitForRequestHandlerConnection: waiting for connection with timeout: 90000.
TpTrace Verbose: 0 : 20220, 7, 2022/11/13, 23:21:54.561, 1680976532731, vstest.console.dll, TestRequestSender.WaitForRequestHandlerConnection: waiting took 290 ms, with timeout 90000 ms, and result 0, which is success.
TpTrace Verbose: 0 : 20220, 13, 2022/11/13, 23:21:54.561, 1680976532877, vstest.console.dll, MulticastDelegateUtilities.SafeInvoke: SocketServer: ClientConnected: Invoking callback 1/1 for Microsoft.VisualStudio.TestPlatform.CommunicationUtilities.TestRequestSender.<InitializeCommunication>b__24_0, took 0 ms.
TpTrace Verbose: 0 : 20220, 13, 2022/11/13, 23:21:54.561, 1680976536486, vstest.console.dll, SocketServer.OnClientConnected: Client connected for endPoint: 127.0.0.1:3299, starting MessageLoopAsync:
TpTrace Verbose: 0 : 20220, 7, 2022/11/13, 23:21:54.562, 1680976549826, vstest.console.dll, TestRequestSender.CheckVersionWithTestHost: Sending check version message: {"MessageType":"ProtocolVersion","Payload":7}
TpTrace Verbose: 0 : 20220, 13, 2022/11/13, 23:21:54.563, 1680976551642, vstest.console.dll, TcpClientExtensions.MessageLoopAsync: Polling on remoteEndPoint: 127.0.0.1:3301 localEndPoint: 127.0.0.1:3299
TpTrace Verbose: 0 : 20220, 13, 2022/11/13, 23:21:54.688, 1680977803968, vstest.console.dll, TcpClientExtensions.MessageLoopAsync: NotifyDataAvailable remoteEndPoint: 127.0.0.1:3301 localEndPoint: 127.0.0.1:3299
TpTrace Verbose: 0 : 20220, 13, 2022/11/13, 23:21:54.688, 1680977806193, vstest.console.dll, TestRequestSender.CheckVersionWithTestHost: onMessageReceived received message: (ProtocolVersion) -> {"MessageType":"ProtocolVersion","Payload":5}
TpTrace Verbose: 0 : 20220, 13, 2022/11/13, 23:21:54.688, 1680977811474, vstest.console.dll, MulticastDelegateUtilities.SafeInvoke: LengthPrefixCommunicationChannel: MessageReceived: Invoking callback 1/1 for Microsoft.VisualStudio.TestPlatform.CommunicationUtilities.TestRequestSender+<>c__DisplayClass26_0.<CheckVersionWithTestHost>b__0, took 0 ms.
TpTrace Verbose: 0 : 20220, 7, 2022/11/13, 23:21:54.689, 1680977812255, vstest.console.dll, TestPluginCache.GetExtensionPaths: Filtered extension paths: 
TpTrace Verbose: 0 : 20220, 7, 2022/11/13, 23:21:54.689, 1680977813246, vstest.console.dll, TestPluginCache.GetExtensionPaths: Added default extension paths: C:\Program Files\dotnet\sdk\6.0.403\Extensions\Microsoft.Diagnostics.NETCore.Client.dll
C:\Program Files\dotnet\sdk\6.0.403\Extensions\Microsoft.TestPlatform.Extensions.BlameDataCollector.dll
C:\Program Files\dotnet\sdk\6.0.403\Extensions\Microsoft.TestPlatform.Extensions.EventLogCollector.dll
C:\Program Files\dotnet\sdk\6.0.403\Extensions\Microsoft.TestPlatform.TestHostRuntimeProvider.dll
C:\Program Files\dotnet\sdk\6.0.403\Extensions\Microsoft.VisualStudio.TestPlatform.Extensions.Html.TestLogger.dll
C:\Program Files\dotnet\sdk\6.0.403\Extensions\Microsoft.VisualStudio.TestPlatform.Extensions.Trx.TestLogger.dll
TpTrace Verbose: 0 : 20220, 7, 2022/11/13, 23:21:54.689, 1680977813987, vstest.console.dll, TestPluginCache.GetExtensionPaths: Added unfilterableExtensionPaths: 
TpTrace Verbose: 0 : 20220, 13, 2022/11/13, 23:21:54.689, 1680977812332, vstest.console.dll, TcpClientExtensions.MessageLoopAsync: Polling on remoteEndPoint: 127.0.0.1:3301 localEndPoint: 127.0.0.1:3299
TpTrace Verbose: 0 : 20220, 13, 2022/11/13, 23:21:54.696, 1680977889849, vstest.console.dll, TcpClientExtensions.MessageLoopAsync: NotifyDataAvailable remoteEndPoint: 127.0.0.1:3301 localEndPoint: 127.0.0.1:3299
TpTrace Verbose: 0 : 20220, 13, 2022/11/13, 23:21:54.696, 1680977890897, vstest.console.dll, LengthPrefixCommunicationChannel.NotifyDataAvailable: New data are waiting to be received, but there is no subscriber to be notified. Not reading them from the stream.
TpTrace Verbose: 0 : 20220, 13, 2022/11/13, 23:21:54.696, 1680977891377, vstest.console.dll, TcpClientExtensions.MessageLoopAsync: Polling on remoteEndPoint: 127.0.0.1:3301 localEndPoint: 127.0.0.1:3299
TpTrace Verbose: 0 : 20220, 13, 2022/11/13, 23:21:54.697, 1680977891948, vstest.console.dll, TcpClientExtensions.MessageLoopAsync: NotifyDataAvailable remoteEndPoint: 127.0.0.1:3301 localEndPoint: 127.0.0.1:3299
TpTrace Verbose: 0 : 20220, 13, 2022/11/13, 23:21:54.697, 1680977892338, vstest.console.dll, LengthPrefixCommunicationChannel.NotifyDataAvailable: New data are waiting to be received, but there is no subscriber to be notified. Not reading them from the stream.
TpTrace Verbose: 0 : 20220, 13, 2022/11/13, 23:21:54.697, 1680977892722, vstest.console.dll, TcpClientExtensions.MessageLoopAsync: Polling on remoteEndPoint: 127.0.0.1:3301 localEndPoint: 127.0.0.1:3299
TpTrace Verbose: 0 : 20220, 13, 2022/11/13, 23:21:54.697, 1680977893140, vstest.console.dll, TcpClientExtensions.MessageLoopAsync: NotifyDataAvailable remoteEndPoint: 127.0.0.1:3301 localEndPoint: 127.0.0.1:3299
TpTrace Verbose: 0 : 20220, 13, 2022/11/13, 23:21:54.697, 1680977893511, vstest.console.dll, LengthPrefixCommunicationChannel.NotifyDataAvailable: New data are waiting to be received, but there is no subscriber to be notified. Not reading them from the stream.
TpTrace Verbose: 0 : 20220, 13, 2022/11/13, 23:21:54.697, 1680977893877, vstest.console.dll, TcpClientExtensions.MessageLoopAsync: Polling on remoteEndPoint: 127.0.0.1:3301 localEndPoint: 127.0.0.1:3299
TpTrace Verbose: 0 : 20220, 13, 2022/11/13, 23:21:54.697, 1680977894280, vstest.console.dll, TcpClientExtensions.MessageLoopAsync: NotifyDataAvailable remoteEndPoint: 127.0.0.1:3301 localEndPoint: 127.0.0.1:3299
TpTrace Verbose: 0 : 20220, 13, 2022/11/13, 23:21:54.697, 1680977894678, vstest.console.dll, LengthPrefixCommunicationChannel.NotifyDataAvailable: New data are waiting to be received, but there is no subscriber to be notified. Not reading them from the stream.
TpTrace Verbose: 0 : 20220, 13, 2022/11/13, 23:21:54.697, 1680977895086, vstest.console.dll, TcpClientExtensions.MessageLoopAsync: Polling on remoteEndPoint: 127.0.0.1:3301 localEndPoint: 127.0.0.1:3299
TpTrace Verbose: 0 : 20220, 13, 2022/11/13, 23:21:54.697, 1680977895613, vstest.console.dll, TcpClientExtensions.MessageLoopAsync: NotifyDataAvailable remoteEndPoint: 127.0.0.1:3301 localEndPoint: 127.0.0.1:3299
TpTrace Verbose: 0 : 20220, 13, 2022/11/13, 23:21:54.697, 1680977896162, vstest.console.dll, LengthPrefixCommunicationChannel.NotifyDataAvailable: New data are waiting to be received, but there is no subscriber to be notified. Not reading them from the stream.
TpTrace Verbose: 0 : 20220, 13, 2022/11/13, 23:21:54.697, 1680977896850, vstest.console.dll, TcpClientExtensions.MessageLoopAsync: Polling on remoteEndPoint: 127.0.0.1:3301 localEndPoint: 127.0.0.1:3299
TpTrace Verbose: 0 : 20220, 13, 2022/11/13, 23:21:54.697, 1680977898012, vstest.console.dll, TcpClientExtensions.MessageLoopAsync: NotifyDataAvailable remoteEndPoint: 127.0.0.1:3301 localEndPoint: 127.0.0.1:3299
TpTrace Verbose: 0 : 20220, 13, 2022/11/13, 23:21:54.697, 1680977898818, vstest.console.dll, LengthPrefixCommunicationChannel.NotifyDataAvailable: New data are waiting to be received, but there is no subscriber to be notified. Not reading them from the stream.
TpTrace Verbose: 0 : 20220, 13, 2022/11/13, 23:21:54.697, 1680977899671, vstest.console.dll, TcpClientExtensions.MessageLoopAsync: Polling on remoteEndPoint: 127.0.0.1:3301 localEndPoint: 127.0.0.1:3299
TpTrace Verbose: 0 : 20220, 13, 2022/11/13, 23:21:54.697, 1680977900323, vstest.console.dll, TcpClientExtensions.MessageLoopAsync: NotifyDataAvailable remoteEndPoint: 127.0.0.1:3301 localEndPoint: 127.0.0.1:3299
TpTrace Verbose: 0 : 20220, 13, 2022/11/13, 23:21:54.697, 1680977901021, vstest.console.dll, LengthPrefixCommunicationChannel.NotifyDataAvailable: New data are waiting to be received, but there is no subscriber to be notified. Not reading them from the stream.
TpTrace Verbose: 0 : 20220, 13, 2022/11/13, 23:21:54.697, 1680977901438, vstest.console.dll, TcpClientExtensions.MessageLoopAsync: Polling on remoteEndPoint: 127.0.0.1:3301 localEndPoint: 127.0.0.1:3299
TpTrace Verbose: 0 : 20220, 13, 2022/11/13, 23:21:54.698, 1680977902249, vstest.console.dll, TcpClientExtensions.MessageLoopAsync: NotifyDataAvailable remoteEndPoint: 127.0.0.1:3301 localEndPoint: 127.0.0.1:3299
TpTrace Verbose: 0 : 20220, 13, 2022/11/13, 23:21:54.698, 1680977902633, vstest.console.dll, LengthPrefixCommunicationChannel.NotifyDataAvailable: New data are waiting to be received, but there is no subscriber to be notified. Not reading them from the stream.
TpTrace Verbose: 0 : 20220, 13, 2022/11/13, 23:21:54.698, 1680977903149, vstest.console.dll, TcpClientExtensions.MessageLoopAsync: Polling on remoteEndPoint: 127.0.0.1:3301 localEndPoint: 127.0.0.1:3299
TpTrace Verbose: 0 : 20220, 13, 2022/11/13, 23:21:54.698, 1680977903540, vstest.console.dll, TcpClientExtensions.MessageLoopAsync: NotifyDataAvailable remoteEndPoint: 127.0.0.1:3301 localEndPoint: 127.0.0.1:3299
TpTrace Verbose: 0 : 20220, 13, 2022/11/13, 23:21:54.698, 1680977903893, vstest.console.dll, LengthPrefixCommunicationChannel.NotifyDataAvailable: New data are waiting to be received, but there is no subscriber to be notified. Not reading them from the stream.
TpTrace Verbose: 0 : 20220, 13, 2022/11/13, 23:21:54.698, 1680977904234, vstest.console.dll, TcpClientExtensions.MessageLoopAsync: Polling on remoteEndPoint: 127.0.0.1:3301 localEndPoint: 127.0.0.1:3299
TpTrace Verbose: 0 : 20220, 13, 2022/11/13, 23:21:54.698, 1680977904628, vstest.console.dll, TcpClientExtensions.MessageLoopAsync: NotifyDataAvailable remoteEndPoint: 127.0.0.1:3301 localEndPoint: 127.0.0.1:3299
TpTrace Verbose: 0 : 20220, 7, 2022/11/13, 23:21:54.698, 1680977904714, vstest.console.dll, TestRequestSender.InitializeExecution: Sending initialize execution with message: {"Version":5,"MessageType":"TestExecution.Initialize","Payload":["C:\\Users\\Niroshan\\Documents\\GitHub\\TaskDeadlineWebAPI\\TaskDeadlineUnitTest\\bin\\Debug\\fine-code-coverage-net6.0\\xunit.runner.visualstudio.dotnetcore.testadapter.dll"]}
TpTrace Verbose: 0 : 20220, 13, 2022/11/13, 23:21:54.698, 1680977905001, vstest.console.dll, LengthPrefixCommunicationChannel.NotifyDataAvailable: New data are waiting to be received, but there is no subscriber to be notified. Not reading them from the stream.
TpTrace Verbose: 0 : 20220, 13, 2022/11/13, 23:21:54.698, 1680977906617, vstest.console.dll, TcpClientExtensions.MessageLoopAsync: Polling on remoteEndPoint: 127.0.0.1:3301 localEndPoint: 127.0.0.1:3299
TpTrace Verbose: 0 : 20220, 13, 2022/11/13, 23:21:54.698, 1680977907131, vstest.console.dll, TcpClientExtensions.MessageLoopAsync: NotifyDataAvailable remoteEndPoint: 127.0.0.1:3301 localEndPoint: 127.0.0.1:3299
TpTrace Verbose: 0 : 20220, 13, 2022/11/13, 23:21:54.698, 1680977907890, vstest.console.dll, LengthPrefixCommunicationChannel.NotifyDataAvailable: New data are waiting to be received, but there is no subscriber to be notified. Not reading them from the stream.
TpTrace Warning: 0 : 20220, 7, 2022/11/13, 23:21:54.698, 1680977908360, vstest.console.dll, InferRunSettingsHelper.MakeRunsettingsCompatible: Removing the following settings: TargetPlatform from RunSettings file. To use those settings please move to latest version of Microsoft.NET.Test.Sdk
TpTrace Verbose: 0 : 20220, 13, 2022/11/13, 23:21:54.698, 1680977909289, vstest.console.dll, TcpClientExtensions.MessageLoopAsync: Polling on remoteEndPoint: 127.0.0.1:3301 localEndPoint: 127.0.0.1:3299
TpTrace Verbose: 0 : 20220, 13, 2022/11/13, 23:21:54.698, 1680977911152, vstest.console.dll, TcpClientExtensions.MessageLoopAsync: NotifyDataAvailable remoteEndPoint: 127.0.0.1:3301 localEndPoint: 127.0.0.1:3299
TpTrace Verbose: 0 : 20220, 13, 2022/11/13, 23:21:54.699, 1680977911600, vstest.console.dll, LengthPrefixCommunicationChannel.NotifyDataAvailable: New data are waiting to be received, but there is no subscriber to be notified. Not reading them from the stream.
TpTrace Verbose: 0 : 20220, 13, 2022/11/13, 23:21:54.699, 1680977912024, vstest.console.dll, TcpClientExtensions.MessageLoopAsync: Polling on remoteEndPoint: 127.0.0.1:3301 localEndPoint: 127.0.0.1:3299
TpTrace Verbose: 0 : 20220, 13, 2022/11/13, 23:21:54.699, 1680977912430, vstest.console.dll, TcpClientExtensions.MessageLoopAsync: NotifyDataAvailable remoteEndPoint: 127.0.0.1:3301 localEndPoint: 127.0.0.1:3299
TpTrace Verbose: 0 : 20220, 13, 2022/11/13, 23:21:54.699, 1680977912789, vstest.console.dll, LengthPrefixCommunicationChannel.NotifyDataAvailable: New data are waiting to be received, but there is no subscriber to be notified. Not reading them from the stream.
TpTrace Verbose: 0 : 20220, 13, 2022/11/13, 23:21:54.699, 1680977913149, vstest.console.dll, TcpClientExtensions.MessageLoopAsync: Polling on remoteEndPoint: 127.0.0.1:3301 localEndPoint: 127.0.0.1:3299
TpTrace Verbose: 0 : 20220, 13, 2022/11/13, 23:21:54.699, 1680977913533, vstest.console.dll, TcpClientExtensions.MessageLoopAsync: NotifyDataAvailable remoteEndPoint: 127.0.0.1:3301 localEndPoint: 127.0.0.1:3299
TpTrace Verbose: 0 : 20220, 13, 2022/11/13, 23:21:54.699, 1680977914339, vstest.console.dll, TestRequestSender.OnExecutionMessageReceived: Received message: {"Version":5,"MessageType":"TestSession.Message","Payload":{"MessageLevel":0,"Message":"Logging TestHost Diagnostics in file: C:\\Users\\Niroshan\\Documents\\GitHub\\TaskDeadlineWebAPI\\TaskDeadlineUnitTest\\bin\\Debug\\net6.0\\fine-code-coverage\\coverage-tool-output\\diagnostics.host.22-11-13_23-21-54_25526_7.log"}}
TpTrace Verbose: 0 : 20220, 13, 2022/11/13, 23:21:54.701, 1680977935545, vstest.console.dll, TestRunRequest:SendTestRunMessage: Starting.
TpTrace Verbose: 0 : 20220, 13, 2022/11/13, 23:21:54.701, 1680977936971, vstest.console.dll, MulticastDelegateUtilities.SafeInvoke: TestRun.LogMessages: Invoking callback 1/1 for Microsoft.VisualStudio.TestPlatform.CommandLine.TestRunResultAggregator.TestRunMessageHandler, took 0 ms.
TpTrace Verbose: 0 : 20220, 4, 2022/11/13, 23:21:54.701, 1680977937194, vstest.console.dll, MulticastDelegateUtilities.SafeInvoke: InternalTestLoggerEvents.SendTestRunMessage: Invoking callback 1/1 for Microsoft.VisualStudio.TestPlatform.CommandLine.Internal.ConsoleLogger.TestMessageHandler, took 0 ms.
TpTrace Information: 0 : 20220, 13, 2022/11/13, 23:21:54.701, 1680977937680, vstest.console.dll, TestRunRequest:SendTestRunMessage: Completed.
TpTrace Verbose: 0 : 20220, 13, 2022/11/13, 23:21:54.701, 1680977939233, vstest.console.dll, MulticastDelegateUtilities.SafeInvoke: LengthPrefixCommunicationChannel: MessageReceived: Invoking callback 1/1 for Microsoft.VisualStudio.TestPlatform.CommunicationUtilities.TestRequestSender+<>c__DisplayClass31_0.<StartTestRun>b__1, took 2 ms.
TpTrace Verbose: 0 : 20220, 13, 2022/11/13, 23:21:54.701, 1680977940047, vstest.console.dll, TcpClientExtensions.MessageLoopAsync: Polling on remoteEndPoint: 127.0.0.1:3301 localEndPoint: 127.0.0.1:3299
TpTrace Verbose: 0 : 20220, 7, 2022/11/13, 23:21:54.706, 1680977982023, vstest.console.dll, TestRequestSender.StartTestRun: Sending test run with message: {"Version":5,"MessageType":"TestExecution.StartWithSources","Payload":{"AdapterSourceMap":{"_none_":["C:\\Users\\Niroshan\\Documents\\GitHub\\TaskDeadlineWebAPI\\TaskDeadlineUnitTest\\bin\\Debug\\fine-code-coverage-net6.0\\TaskDeadlineUnitTest.dll"]},"RunSettings":"<RunSettings>\r\n  <RunConfiguration>\r\n    <ResultsDirectory>C:\\Users\\Niroshan\\Documents\\GitHub\\TaskDeadlineWebAPI\\TaskDeadlineUnitTest\\bin\\Debug\\net6.0\\fine-code-coverage\\coverage-tool-output</ResultsDirectory>\r\n    <TargetFrameworkVersion>.NETCoreApp,Version=v6.0</TargetFrameworkVersion>\r\n    <DesignMode>False</DesignMode>\r\n    <CollectSourceInformation>False</CollectSourceInformation>\r\n  </RunConfiguration>\r\n  <LoggerRunSettings>\r\n    <Loggers>\r\n      <Logger friendlyName=\"blame\" enabled=\"True\" />\r\n      <Logger friendlyName=\"Console\" uri=\"logger://microsoft/TestPlatform/ConsoleLogger/v1\" assemblyQualifiedName=\"Microsoft.VisualStudio.TestPlatform.CommandLine.Internal.ConsoleLogger, vstest.console, Version=15.0.0.0, Culture=neutral, PublicKeyToken=b03f5f7f11d50a3a\" codeBase=\"C:\\Program Files\\dotnet\\sdk\\6.0.403\\vstest.console.dll\" enabled=\"True\" />\r\n    </Loggers>\r\n  </LoggerRunSettings>\r\n  <DataCollectionRunSettings>\r\n    <DataCollectors>\r\n      <DataCollector friendlyName=\"blame\" enabled=\"True\">\r\n        <Configuration>\r\n          <ResultsDirectory>C:\\Users\\Niroshan\\Documents\\GitHub\\TaskDeadlineWebAPI\\TaskDeadlineUnitTest\\bin\\Debug\\net6.0\\fine-code-coverage\\coverage-tool-output</ResultsDirectory>\r\n        </Configuration>\r\n      </DataCollector>\r\n    </DataCollectors>\r\n  </DataCollectionRunSettings>\r\n</RunSettings>","TestExecutionContext":{"FrequencyOfRunStatsChangeEvent":10,"RunStatsChangeEventTimeout":"00:00:01.5000000","InIsolation":false,"KeepAlive":false,"AreTestCaseLevelEventsRequired":false,"IsDebug":false,"TestCaseFilter":null,"FilterOptions":null},"Package":null}}
TpTrace Verbose: 0 : 20220, 13, 2022/11/13, 23:21:54.853, 1680979460675, vstest.console.dll, TcpClientExtensions.MessageLoopAsync: NotifyDataAvailable remoteEndPoint: 127.0.0.1:3301 localEndPoint: 127.0.0.1:3299
TpTrace Verbose: 0 : 20220, 13, 2022/11/13, 23:21:54.854, 1680979462478, vstest.console.dll, TestRequestSender.OnExecutionMessageReceived: Received message: {"Version":5,"MessageType":"TestSession.Message","Payload":{"MessageLevel":0,"Message":"[xUnit.net 00:00:00.00] xUnit.net VSTest Adapter v2.4.3+1b45f5407b (64-bit .NET 6.0.11)"}}
TpTrace Verbose: 0 : 20220, 13, 2022/11/13, 23:21:54.854, 1680979464493, vstest.console.dll, TestRunRequest:SendTestRunMessage: Starting.
TpTrace Verbose: 0 : 20220, 13, 2022/11/13, 23:21:54.854, 1680979465393, vstest.console.dll, MulticastDelegateUtilities.SafeInvoke: TestRun.LogMessages: Invoking callback 1/1 for Microsoft.VisualStudio.TestPlatform.CommandLine.TestRunResultAggregator.TestRunMessageHandler, took 0 ms.
TpTrace Information: 0 : 20220, 13, 2022/11/13, 23:21:54.854, 1680979466126, vstest.console.dll, TestRunRequest:SendTestRunMessage: Completed.
TpTrace Verbose: 0 : 20220, 13, 2022/11/13, 23:21:54.854, 1680979466521, vstest.console.dll, MulticastDelegateUtilities.SafeInvoke: LengthPrefixCommunicationChannel: MessageReceived: Invoking callback 1/1 for Microsoft.VisualStudio.TestPlatform.CommunicationUtilities.TestRequestSender+<>c__DisplayClass31_0.<StartTestRun>b__1, took 0 ms.
TpTrace Verbose: 0 : 20220, 4, 2022/11/13, 23:21:54.854, 1680979466536, vstest.console.dll, MulticastDelegateUtilities.SafeInvoke: InternalTestLoggerEvents.SendTestRunMessage: Invoking callback 1/1 for Microsoft.VisualStudio.TestPlatform.CommandLine.Internal.ConsoleLogger.TestMessageHandler, took 0 ms.
TpTrace Verbose: 0 : 20220, 13, 2022/11/13, 23:21:54.854, 1680979466929, vstest.console.dll, TcpClientExtensions.MessageLoopAsync: Polling on remoteEndPoint: 127.0.0.1:3301 localEndPoint: 127.0.0.1:3299
TpTrace Verbose: 0 : 20220, 13, 2022/11/13, 23:21:55.868, 1680989605501, vstest.console.dll, TcpClientExtensions.MessageLoopAsync: Polling on remoteEndPoint: 127.0.0.1:3301 localEndPoint: 127.0.0.1:3299
TpTrace Verbose: 0 : 20220, 13, 2022/11/13, 23:21:56.880, 1680999728594, vstest.console.dll, TcpClientExtensions.MessageLoopAsync: Polling on remoteEndPoint: 127.0.0.1:3301 localEndPoint: 127.0.0.1:3299
TpTrace Verbose: 0 : 20220, 13, 2022/11/13, 23:21:57.889, 1681009820629, vstest.console.dll, TcpClientExtensions.MessageLoopAsync: Polling on remoteEndPoint: 127.0.0.1:3301 localEndPoint: 127.0.0.1:3299
TpTrace Verbose: 0 : 20220, 13, 2022/11/13, 23:21:58.897, 1681019892217, vstest.console.dll, TcpClientExtensions.MessageLoopAsync: Polling on remoteEndPoint: 127.0.0.1:3301 localEndPoint: 127.0.0.1:3299
TpTrace Verbose: 0 : 20220, 13, 2022/11/13, 23:21:59.903, 1681029959162, vstest.console.dll, TcpClientExtensions.MessageLoopAsync: Polling on remoteEndPoint: 127.0.0.1:3301 localEndPoint: 127.0.0.1:3299
TpTrace Verbose: 0 : 20220, 13, 2022/11/13, 23:21:59.951, 1681030438030, vstest.console.dll, TcpClientExtensions.MessageLoopAsync: NotifyDataAvailable remoteEndPoint: 127.0.0.1:3301 localEndPoint: 127.0.0.1:3299
TpTrace Verbose: 0 : 20220, 13, 2022/11/13, 23:21:59.951, 1681030441381, vstest.console.dll, TestRequestSender.OnExecutionMessageReceived: Received message: {"Version":5,"MessageType":"TestSession.Message","Payload":{"MessageLevel":0,"Message":"[xUnit.net 00:00:05.10]   Discovering: TaskDeadlineUnitTest"}}
TpTrace Verbose: 0 : 20220, 13, 2022/11/13, 23:21:59.952, 1681030443080, vstest.console.dll, TestRunRequest:SendTestRunMessage: Starting.
TpTrace Verbose: 0 : 20220, 13, 2022/11/13, 23:21:59.952, 1681030443794, vstest.console.dll, MulticastDelegateUtilities.SafeInvoke: TestRun.LogMessages: Invoking callback 1/1 for Microsoft.VisualStudio.TestPlatform.CommandLine.TestRunResultAggregator.TestRunMessageHandler, took 0 ms.
TpTrace Information: 0 : 20220, 13, 2022/11/13, 23:21:59.952, 1681030444231, vstest.console.dll, TestRunRequest:SendTestRunMessage: Completed.
TpTrace Verbose: 0 : 20220, 13, 2022/11/13, 23:21:59.952, 1681030444700, vstest.console.dll, MulticastDelegateUtilities.SafeInvoke: LengthPrefixCommunicationChannel: MessageReceived: Invoking callback 1/1 for Microsoft.VisualStudio.TestPlatform.CommunicationUtilities.TestRequestSender+<>c__DisplayClass31_0.<StartTestRun>b__1, took 0 ms.
TpTrace Verbose: 0 : 20220, 4, 2022/11/13, 23:21:59.952, 1681030444543, vstest.console.dll, MulticastDelegateUtilities.SafeInvoke: InternalTestLoggerEvents.SendTestRunMessage: Invoking callback 1/1 for Microsoft.VisualStudio.TestPlatform.CommandLine.Internal.ConsoleLogger.TestMessageHandler, took 0 ms.
TpTrace Verbose: 0 : 20220, 13, 2022/11/13, 23:21:59.952, 1681030445540, vstest.console.dll, TcpClientExtensions.MessageLoopAsync: Polling on remoteEndPoint: 127.0.0.1:3301 localEndPoint: 127.0.0.1:3299
TpTrace Verbose: 0 : 20220, 13, 2022/11/13, 23:21:59.985, 1681030779020, vstest.console.dll, TcpClientExtensions.MessageLoopAsync: NotifyDataAvailable remoteEndPoint: 127.0.0.1:3301 localEndPoint: 127.0.0.1:3299
TpTrace Verbose: 0 : 20220, 13, 2022/11/13, 23:21:59.985, 1681030781164, vstest.console.dll, TestRequestSender.OnExecutionMessageReceived: Received message: {"Version":5,"MessageType":"TestSession.Message","Payload":{"MessageLevel":0,"Message":"[xUnit.net 00:00:05.13]   Discovered:  TaskDeadlineUnitTest"}}
TpTrace Verbose: 0 : 20220, 13, 2022/11/13, 23:21:59.986, 1681030782646, vstest.console.dll, TestRunRequest:SendTestRunMessage: Starting.
TpTrace Verbose: 0 : 20220, 13, 2022/11/13, 23:21:59.986, 1681030783449, vstest.console.dll, MulticastDelegateUtilities.SafeInvoke: TestRun.LogMessages: Invoking callback 1/1 for Microsoft.VisualStudio.TestPlatform.CommandLine.TestRunResultAggregator.TestRunMessageHandler, took 0 ms.
TpTrace Verbose: 0 : 20220, 4, 2022/11/13, 23:21:59.986, 1681030783853, vstest.console.dll, MulticastDelegateUtilities.SafeInvoke: InternalTestLoggerEvents.SendTestRunMessage: Invoking callback 1/1 for Microsoft.VisualStudio.TestPlatform.CommandLine.Internal.ConsoleLogger.TestMessageHandler, took 0 ms.
TpTrace Information: 0 : 20220, 13, 2022/11/13, 23:21:59.986, 1681030783941, vstest.console.dll, TestRunRequest:SendTestRunMessage: Completed.
TpTrace Verbose: 0 : 20220, 13, 2022/11/13, 23:21:59.986, 1681030785672, vstest.console.dll, MulticastDelegateUtilities.SafeInvoke: LengthPrefixCommunicationChannel: MessageReceived: Invoking callback 1/1 for Microsoft.VisualStudio.TestPlatform.CommunicationUtilities.TestRequestSender+<>c__DisplayClass31_0.<StartTestRun>b__1, took 0 ms.
TpTrace Verbose: 0 : 20220, 13, 2022/11/13, 23:21:59.986, 1681030786221, vstest.console.dll, TcpClientExtensions.MessageLoopAsync: Polling on remoteEndPoint: 127.0.0.1:3301 localEndPoint: 127.0.0.1:3299
TpTrace Verbose: 0 : 20220, 13, 2022/11/13, 23:21:59.988, 1681030808205, vstest.console.dll, TcpClientExtensions.MessageLoopAsync: NotifyDataAvailable remoteEndPoint: 127.0.0.1:3301 localEndPoint: 127.0.0.1:3299
TpTrace Verbose: 0 : 20220, 13, 2022/11/13, 23:21:59.988, 1681030809738, vstest.console.dll, TestRequestSender.OnExecutionMessageReceived: Received message: {"Version":5,"MessageType":"TestSession.Message","Payload":{"MessageLevel":0,"Message":"[xUnit.net 00:00:05.14]   Starting:    TaskDeadlineUnitTest"}}
TpTrace Verbose: 0 : 20220, 13, 2022/11/13, 23:21:59.988, 1681030811087, vstest.console.dll, TestRunRequest:SendTestRunMessage: Starting.
TpTrace Verbose: 0 : 20220, 13, 2022/11/13, 23:21:59.989, 1681030811992, vstest.console.dll, MulticastDelegateUtilities.SafeInvoke: TestRun.LogMessages: Invoking callback 1/1 for Microsoft.VisualStudio.TestPlatform.CommandLine.TestRunResultAggregator.TestRunMessageHandler, took 0 ms.
TpTrace Information: 0 : 20220, 13, 2022/11/13, 23:21:59.989, 1681030812576, vstest.console.dll, TestRunRequest:SendTestRunMessage: Completed.
TpTrace Verbose: 0 : 20220, 13, 2022/11/13, 23:21:59.989, 1681030813233, vstest.console.dll, MulticastDelegateUtilities.SafeInvoke: LengthPrefixCommunicationChannel: MessageReceived: Invoking callback 1/1 for Microsoft.VisualStudio.TestPlatform.CommunicationUtilities.TestRequestSender+<>c__DisplayClass31_0.<StartTestRun>b__1, took 0 ms.
TpTrace Verbose: 0 : 20220, 4, 2022/11/13, 23:21:59.989, 1681030812574, vstest.console.dll, MulticastDelegateUtilities.SafeInvoke: InternalTestLoggerEvents.SendTestRunMessage: Invoking callback 1/1 for Microsoft.VisualStudio.TestPlatform.CommandLine.Internal.ConsoleLogger.TestMessageHandler, took 0 ms.
TpTrace Verbose: 0 : 20220, 13, 2022/11/13, 23:21:59.989, 1681030813817, vstest.console.dll, TcpClientExtensions.MessageLoopAsync: Polling on remoteEndPoint: 127.0.0.1:3301 localEndPoint: 127.0.0.1:3299
TpTrace Verbose: 0 : 20220, 13, 2022/11/13, 23:22:00.057, 1681031499722, vstest.console.dll, TcpClientExtensions.MessageLoopAsync: NotifyDataAvailable remoteEndPoint: 127.0.0.1:3301 localEndPoint: 127.0.0.1:3299
TpTrace Verbose: 0 : 20220, 13, 2022/11/13, 23:22:00.058, 1681031502462, vstest.console.dll, TestRequestSender.OnExecutionMessageReceived: Received message: {"Version":5,"MessageType":"TestExecution.StatsChange","Payload":{"NewTestResults":[],"TestRunStatistics":{"ExecutedTests":0,"Stats":{}},"ActiveTests":[{"Id":"fcc1d9cc-0918-fc18-e4aa-897587afc28a","FullyQualifiedName":"TaskDeadlineUnitTest.TaskLogicTest.CalculateTaskEndDate_ShouldReturn200_WhenCorrectDataFound","DisplayName":"TaskDeadlineUnitTest.TaskLogicTest.CalculateTaskEndDate_ShouldReturn200_WhenCorrectDataFound","ExecutorUri":"executor://xunit/VsTestRunner2/netcoreapp","Source":"C:\\Users\\Niroshan\\Documents\\GitHub\\TaskDeadlineWebAPI\\TaskDeadlineUnitTest\\bin\\Debug\\fine-code-coverage-net6.0\\TaskDeadlineUnitTest.dll","CodeFilePath":null,"LineNumber":0,"Properties":[]}]}}
TpTrace Verbose: 0 : 20220, 13, 2022/11/13, 23:22:00.071, 1681031641053, vstest.console.dll, TestRunRequest:SendTestRunStatsChange: Starting.
TpTrace Verbose: 0 : 20220, 13, 2022/11/13, 23:22:00.072, 1681031642904, vstest.console.dll, InProgress is TaskDeadlineUnitTest.TaskLogicTest.CalculateTaskEndDate_ShouldReturn200_WhenCorrectDataFound
TpTrace Verbose: 0 : 20220, 13, 2022/11/13, 23:22:00.072, 1681031644171, vstest.console.dll, MulticastDelegateUtilities.SafeInvoke: TestRun.RunStatsChanged: Invoking callbacks was skipped because there are no subscribers.
TpTrace Information: 0 : 20220, 13, 2022/11/13, 23:22:00.072, 1681031644829, vstest.console.dll, TestRunRequest:SendTestRunStatsChange: Completed.
TpTrace Verbose: 0 : 20220, 13, 2022/11/13, 23:22:00.072, 1681031645442, vstest.console.dll, MulticastDelegateUtilities.SafeInvoke: LengthPrefixCommunicationChannel: MessageReceived: Invoking callback 1/1 for Microsoft.VisualStudio.TestPlatform.CommunicationUtilities.TestRequestSender+<>c__DisplayClass31_0.<StartTestRun>b__1, took 14 ms.
TpTrace Verbose: 0 : 20220, 13, 2022/11/13, 23:22:00.072, 1681031646103, vstest.console.dll, TcpClientExtensions.MessageLoopAsync: Polling on remoteEndPoint: 127.0.0.1:3301 localEndPoint: 127.0.0.1:3299
TpTrace Verbose: 0 : 20220, 13, 2022/11/13, 23:22:00.222, 1681033147271, vstest.console.dll, TcpClientExtensions.MessageLoopAsync: NotifyDataAvailable remoteEndPoint: 127.0.0.1:3301 localEndPoint: 127.0.0.1:3299
TpTrace Verbose: 0 : 20220, 13, 2022/11/13, 23:22:00.222, 1681033148790, vstest.console.dll, TestRequestSender.OnExecutionMessageReceived: Received message: {"Version":5,"MessageType":"TestSession.Message","Payload":{"MessageLevel":0,"Message":"[xUnit.net 00:00:05.37]   Finished:    TaskDeadlineUnitTest"}}
TpTrace Verbose: 0 : 20220, 13, 2022/11/13, 23:22:00.222, 1681033150031, vstest.console.dll, TestRunRequest:SendTestRunMessage: Starting.
TpTrace Verbose: 0 : 20220, 13, 2022/11/13, 23:22:00.222, 1681033150828, vstest.console.dll, MulticastDelegateUtilities.SafeInvoke: TestRun.LogMessages: Invoking callback 1/1 for Microsoft.VisualStudio.TestPlatform.CommandLine.TestRunResultAggregator.TestRunMessageHandler, took 0 ms.
TpTrace Verbose: 0 : 20220, 4, 2022/11/13, 23:22:00.222, 1681033151153, vstest.console.dll, MulticastDelegateUtilities.SafeInvoke: InternalTestLoggerEvents.SendTestRunMessage: Invoking callback 1/1 for Microsoft.VisualStudio.TestPlatform.CommandLine.Internal.ConsoleLogger.TestMessageHandler, took 0 ms.
TpTrace Information: 0 : 20220, 13, 2022/11/13, 23:22:00.222, 1681033151541, vstest.console.dll, TestRunRequest:SendTestRunMessage: Completed.
TpTrace Verbose: 0 : 20220, 13, 2022/11/13, 23:22:00.223, 1681033153316, vstest.console.dll, MulticastDelegateUtilities.SafeInvoke: LengthPrefixCommunicationChannel: MessageReceived: Invoking callback 1/1 for Microsoft.VisualStudio.TestPlatform.CommunicationUtilities.TestRequestSender+<>c__DisplayClass31_0.<StartTestRun>b__1, took 0 ms.
TpTrace Verbose: 0 : 20220, 13, 2022/11/13, 23:22:00.223, 1681033154165, vstest.console.dll, TcpClientExtensions.MessageLoopAsync: Polling on remoteEndPoint: 127.0.0.1:3301 localEndPoint: 127.0.0.1:3299
TpTrace Verbose: 0 : 20220, 13, 2022/11/13, 23:22:00.262, 1681033545481, vstest.console.dll, TcpClientExtensions.MessageLoopAsync: NotifyDataAvailable remoteEndPoint: 127.0.0.1:3301 localEndPoint: 127.0.0.1:3299
TpTrace Verbose: 0 : 20220, 13, 2022/11/13, 23:22:00.262, 1681033550907, vstest.console.dll, TestRequestSender.OnExecutionMessageReceived: Received message: {"Version":5,"MessageType":"TestExecution.Completed","Payload":{"TestRunCompleteArgs":{"TestRunStatistics":{"ExecutedTests":7,"Stats":{"Passed":7}},"IsCanceled":false,"IsAborted":false,"Error":null,"AttachmentSets":[],"ElapsedTimeInRunningTests":"00:00:05.3863331","Metrics":{}},"LastRunTests":{"NewTestResults":[{"TestCase":{"Id":"6fce9f12-a093-332f-9793-3a79a100892d","FullyQualifiedName":"TaskDeadlineUnitTest.TaskControllerTest.GetAllHolidayDetails_CheckNegativeSenario","DisplayName":"TaskDeadlineUnitTest.TaskControllerTest.GetAllHolidayDetails_CheckNegativeSenario","ExecutorUri":"executor://xunit/VsTestRunner2/netcoreapp","Source":"C:\\Users\\Niroshan\\Documents\\GitHub\\TaskDeadlineWebAPI\\TaskDeadlineUnitTest\\bin\\Debug\\fine-code-coverage-net6.0\\TaskDeadlineUnitTest.dll","CodeFilePath":null,"LineNumber":0,"Properties":[]},"Attachments":[],"Outcome":1,"ErrorMessage":null,"ErrorStackTrace":null,"DisplayName":"TaskDeadlineUnitTest.TaskControllerTest.GetAllHolidayDetails_CheckNegativeSenario","Messages":[],"ComputerName":"DESKTOP-994RUSC","Duration":"00:00:00.1383515","StartTime":"2022-11-13T17:52:00.185243+00:00","EndTime":"2022-11-13T17:52:00.1852719+00:00","Properties":[]},{"TestCase":{"Id":"fcc1d9cc-0918-fc18-e4aa-897587afc28a","FullyQualifiedName":"TaskDeadlineUnitTest.TaskLogicTest.CalculateTaskEndDate_ShouldReturn200_WhenCorrectDataFound","DisplayName":"TaskDeadlineUnitTest.TaskLogicTest.CalculateTaskEndDate_ShouldReturn200_WhenCorrectDataFound","ExecutorUri":"executor://xunit/VsTestRunner2/netcoreapp","Source":"C:\\Users\\Niroshan\\Documents\\GitHub\\TaskDeadlineWebAPI\\TaskDeadlineUnitTest\\bin\\Debug\\fine-code-coverage-net6.0\\TaskDeadlineUnitTest.dll","CodeFilePath":null,"LineNumber":0,"Properties":[]},"Attachments":[],"Outcome":1,"ErrorMessage":null,"ErrorStackTrace":null,"DisplayName":"TaskDeadlineUnitTest.TaskLogicTest.CalculateTaskEndDate_ShouldReturn200_WhenCorrectDataFound","Messages":[],"ComputerName":"DESKTOP-994RUSC","Duration":"00:00:00.1402257","StartTime":"2022-11-13T17:52:00.2093933+00:00","EndTime":"2022-11-13T17:52:00.2093934+00:00","Properties":[]},{"TestCase":{"Id":"61786816-af8a-3c65-7a49-3e4e63d81656","FullyQualifiedName":"TaskDeadlineUnitTest.TaskControllerTest.CalculateTaskEndDate_CheckPositiveSenario","DisplayName":"TaskDeadlineUnitTest.TaskControllerTest.CalculateTaskEndDate_CheckPositiveSenario","ExecutorUri":"executor://xunit/VsTestRunner2/netcoreapp","Source":"C:\\Users\\Niroshan\\Documents\\GitHub\\TaskDeadlineWebAPI\\TaskDeadlineUnitTest\\bin\\Debug\\fine-code-coverage-net6.0\\TaskDeadlineUnitTest.dll","CodeFilePath":null,"LineNumber":0,"Properties":[]},"Attachments":[],"Outcome":1,"ErrorMessage":null,"ErrorStackTrace":null,"DisplayName":"TaskDeadlineUnitTest.TaskControllerTest.CalculateTaskEndDate_CheckPositiveSenario","Messages":[],"ComputerName":"DESKTOP-994RUSC","Duration":"00:00:00.0159249","StartTime":"2022-11-13T17:52:00.2110973+00:00","EndTime":"2022-11-13T17:52:00.2110974+00:00","Properties":[]},{"TestCase":{"Id":"eebdd9a8-8fbf-122f-1c09-0709d0d88dac","FullyQualifiedName":"TaskDeadlineUnitTest.TaskControllerTest.CalculateTaskEndDate_CheckBadRequest","DisplayName":"TaskDeadlineUnitTest.TaskControllerTest.CalculateTaskEndDate_CheckBadRequest","ExecutorUri":"executor://xunit/VsTestRunner2/netcoreapp","Source":"C:\\Users\\Niroshan\\Documents\\GitHub\\TaskDeadlineWebAPI\\TaskDeadlineUnitTest\\bin\\Debug\\fine-code-coverage-net6.0\\TaskDeadlineUnitTest.dll","CodeFilePath":null,"LineNumber":0,"Properties":[]},"Attachments":[],"Outcome":1,"ErrorMessage":null,"ErrorStackTrace":null,"DisplayName":"TaskDeadlineUnitTest.TaskControllerTest.CalculateTaskEndDate_CheckBadRequest","Messages":[],"ComputerName":"DESKTOP-994RUSC","Duration":"00:00:00.0023316","StartTime":"2022-11-13T17:52:00.2136905+00:00","EndTime":"2022-11-13T17:52:00.2136906+00:00","Properties":[]},{"TestCase":{"Id":"be2f5c24-2d38-05f0-7149-c4d7fc684df9","FullyQualifiedName":"TaskDeadlineUnitTest.TaskControllerTest.AddHolidayDetails_CheckModelState_False","DisplayName":"TaskDeadlineUnitTest.TaskControllerTest.AddHolidayDetails_CheckModelState_False","ExecutorUri":"executor://xunit/VsTestRunner2/netcoreapp","Source":"C:\\Users\\Niroshan\\Documents\\GitHub\\TaskDeadlineWebAPI\\TaskDeadlineUnitTest\\bin\\Debug\\fine-code-coverage-net6.0\\TaskDeadlineUnitTest.dll","CodeFilePath":null,"LineNumber":0,"Properties":[]},"Attachments":[],"Outcome":1,"ErrorMessage":null,"ErrorStackTrace":null,"DisplayName":"TaskDeadlineUnitTest.TaskControllerTest.AddHolidayDetails_CheckModelState_False","Messages":[],"ComputerName":"DESKTOP-994RUSC","Duration":"00:00:00.0016245","StartTime":"2022-11-13T17:52:00.2161537+00:00","EndTime":"2022-11-13T17:52:00.2161538+00:00","Properties":[]},{"TestCase":{"Id":"6627d095-a6fd-1170-d0d9-5f212755910c","FullyQualifiedName":"TaskDeadlineUnitTest.TaskControllerTest.AddHolidayDetails_CheckPositiveSenario","DisplayName":"TaskDeadlineUnitTest.TaskControllerTest.AddHolidayDetails_CheckPositiveSenario","ExecutorUri":"executor://xunit/VsTestRunner2/netcoreapp","Source":"C:\\Users\\Niroshan\\Documents\\GitHub\\TaskDeadlineWebAPI\\TaskDeadlineUnitTest\\bin\\Debug\\fine-code-coverage-net6.0\\TaskDeadlineUnitTest.dll","CodeFilePath":null,"LineNumber":0,"Properties":[]},"Attachments":[],"Outcome":1,"ErrorMessage":null,"ErrorStackTrace":null,"DisplayName":"TaskDeadlineUnitTest.TaskControllerTest.AddHolidayDetails_CheckPositiveSenario","Messages":[],"ComputerName":"DESKTOP-994RUSC","Duration":"00:00:00.0075034","StartTime":"2022-11-13T17:52:00.21839+00:00","EndTime":"2022-11-13T17:52:00.2183901+00:00","Properties":[]},{"TestCase":{"Id":"6bcd1e90-9f53-b829-5dfd-a65b250df054","FullyQualifiedName":"TaskDeadlineUnitTest.TaskControllerTest.GetAllHolidayDetails_CheckPositiveSenario","DisplayName":"TaskDeadlineUnitTest.TaskControllerTest.GetAllHolidayDetails_CheckPositiveSenario","ExecutorUri":"executor://xunit/VsTestRunner2/netcoreapp","Source":"C:\\Users\\Niroshan\\Documents\\GitHub\\TaskDeadlineWebAPI\\TaskDeadlineUnitTest\\bin\\Debug\\fine-code-coverage-net6.0\\TaskDeadlineUnitTest.dll","CodeFilePath":null,"LineNumber":0,"Properties":[]},"Attachments":[],"Outcome":1,"ErrorMessage":null,"ErrorStackTrace":null,"DisplayName":"TaskDeadlineUnitTest.TaskControllerTest.GetAllHolidayDetails_CheckPositiveSenario","Messages":[],"ComputerName":"DESKTOP-994RUSC","Duration":"00:00:00.0021096","StartTime":"2022-11-13T17:52:00.2201886+00:00","EndTime":"2022-11-13T17:52:00.2201887+00:00","Properties":[]}],"TestRunStatistics":{"ExecutedTests":7,"Stats":{"Passed":7}},"ActiveTests":[]},"RunAttachments":[],"ExecutorUris":["executor://xunit/VsTestRunner2/netcoreapp"]}}
TpTrace Verbose: 0 : 20220, 13, 2022/11/13, 23:22:00.263, 1681033556144, vstest.console.dll, TestRequestSender.EndSession: Sending end session.
TpTrace Verbose: 0 : 20220, 13, 2022/11/13, 23:22:00.263, 1681033560518, vstest.console.dll, ProxyOperationManager.Close: waiting for test host to exit for 100 ms
TpTrace Warning: 0 : 20220, 13, 2022/11/13, 23:22:00.373, 1681034656687, vstest.console.dll, ProxyOperationManager: Timed out waiting for test host to exit. Will terminate process.
TpTrace Information: 0 : 20220, 13, 2022/11/13, 23:22:00.373, 1681034658305, vstest.console.dll, SocketServer.Stop: Stop server endPoint: 127.0.0.1:3299
TpTrace Information: 0 : 20220, 13, 2022/11/13, 23:22:00.373, 1681034658844, vstest.console.dll, SocketServer.Stop: Cancellation requested. Stopping message loop.
TpTrace Information: 0 : 20220, 13, 2022/11/13, 23:22:00.373, 1681034660164, vstest.console.dll, Closing the connection
TpTrace Verbose: 0 : 20220, 13, 2022/11/13, 23:22:00.376, 1681034685011, vstest.console.dll, ProxyDataCollectionManager.InvokeDataCollectionServiceAction: Starting.
TpTrace Information: 0 : 20220, 13, 2022/11/13, 23:22:00.376, 1681034686130, vstest.console.dll, ProxyDataCollectionManager.AfterTestRunEnd: Get attachment set and invoked data collectors processId: 32828 port: 3296
TpTrace Verbose: 0 : 20220, 13, 2022/11/13, 23:22:00.376, 1681034687154, vstest.console.dll, DataCollectionRequestSender.SendAfterTestRunStartAndGetResult: Send AfterTestRunEnd message with isCancelled: False
TpTrace Verbose: 0 : 20220, 13, 2022/11/13, 23:22:00.384, 1681034771090, vstest.console.dll, DataCollectionRequestSender.SendAfterTestRunStartAndGetResult: Received message: (DataCollection.AfterTestRunEndResult) -> {"MessageType":"DataCollection.AfterTestRunEndResult","Payload":{"AttachmentSets":[],"InvokedDataCollectors":[{"Uri":"datacollector://Microsoft/TestPlatform/Extensions/Blame/v1","FriendlyName":"Blame","AssemblyQualifiedName":"Microsoft.TestPlatform.Extensions.BlameDataCollector.BlameCollector, Microsoft.TestPlatform.Extensions.BlameDataCollector, Version=15.0.0.0, Culture=neutral, PublicKeyToken=b03f5f7f11d50a3a","FilePath":"C:\\Program Files\\dotnet\\sdk\\6.0.403\\Extensions\\Microsoft.TestPlatform.Extensions.BlameDataCollector.dll","HasAttachmentProcessor":false}],"Metrics":{}}}
TpTrace Warning: 0 : 20220, 9, 2022/11/13, 23:22:00.393, 1681034854323, vstest.console.dll, DataCollectionLauncher.ErrorReceivedCallback datacollector standard error line: 
TpTrace Information: 0 : 20220, 13, 2022/11/13, 23:22:00.394, 1681034863985, vstest.console.dll, ProxyDataCollectionManager.InvokeDataCollectionServiceAction: Completed.
TpTrace Information: 0 : 20220, 9, 2022/11/13, 23:22:00.402, 1681034944767, vstest.console.dll, DataCollectionLauncher.ExitCallBack: Data collector exited with exitcode: 0 error: ''
TpTrace Verbose: 0 : 20220, 7, 2022/11/13, 23:22:00.417, 1681035096192, vstest.console.dll, TestHostProvider.ExitCallBack: Host exited starting callback.
TpTrace Verbose: 0 : 20220, 9, 2022/11/13, 23:22:00.418, 1681035106362, vstest.console.dll, TestHostProvider.ExitCallBack: Host exited starting callback.
TpTrace Error: 0 : 20220, 7, 2022/11/13, 23:22:00.421, 1681035134699, vstest.console.dll, TestHostProvider.ExitCallBack: could not get proccess id from process, error: System.InvalidOperationException: No process is associated with this object.
   at System.Diagnostics.Process.EnsureState(State state)
   at System.Diagnostics.Process.EnsureState(State state)
   at System.Diagnostics.Process.get_Id()
   at Microsoft.TestPlatform.TestHostProvider.Hosting.TestHostManagerCallbacks.ExitCallBack(IProcessHelper processHelper, Object process, StringBuilder testHostProcessStdError, Action`1 onHostExited).
TpTrace Error: 0 : 20220, 9, 2022/11/13, 23:22:00.421, 1681035134697, vstest.console.dll, TestHostProvider.ExitCallBack: could not get proccess id from process, error: System.InvalidOperationException: No process is associated with this object.
   at System.Diagnostics.Process.EnsureState(State state)
   at System.Diagnostics.Process.EnsureState(State state)
   at System.Diagnostics.Process.get_Id()
   at Microsoft.TestPlatform.TestHostProvider.Hosting.TestHostManagerCallbacks.ExitCallBack(IProcessHelper processHelper, Object process, StringBuilder testHostProcessStdError, Action`1 onHostExited).
TpTrace Information: 0 : 20220, 9, 2022/11/13, 23:22:00.421, 1681035136715, vstest.console.dll, TestHostManagerCallbacks.ExitCallBack: Testhost processId: -1 exited with exitcode: 0 error: ''
TpTrace Information: 0 : 20220, 7, 2022/11/13, 23:22:00.421, 1681035135998, vstest.console.dll, TestHostManagerCallbacks.ExitCallBack: Testhost processId: -1 exited with exitcode: 0 error: ''
TpTrace Verbose: 0 : 20220, 9, 2022/11/13, 23:22:00.421, 1681035137403, vstest.console.dll, DotnetTestHostManager.OnHostExited: invoking OnHostExited callback
TpTrace Verbose: 0 : 20220, 7, 2022/11/13, 23:22:00.421, 1681035138033, vstest.console.dll, DotnetTestHostManager.OnHostExited: exit event was already raised, skipping
TpTrace Verbose: 0 : 20220, 13, 2022/11/13, 23:22:00.451, 1681035432987, vstest.console.dll, TestRunRequest:SendTestRunStatsChange: Starting.
TpTrace Verbose: 0 : 20220, 13, 2022/11/13, 23:22:00.451, 1681035435609, vstest.console.dll, MulticastDelegateUtilities.SafeInvoke: TestRun.RunStatsChanged: Invoking callbacks was skipped because there are no subscribers.
TpTrace Information: 0 : 20220, 13, 2022/11/13, 23:22:00.451, 1681035436278, vstest.console.dll, TestRunRequest:SendTestRunStatsChange: Completed.
TpTrace Verbose: 0 : 20220, 13, 2022/11/13, 23:22:00.451, 1681035439886, vstest.console.dll, ParallelProxyExecutionManager: HandlePartialRunComplete: Total completed clients = 1, Run complete = True, Run canceled: False.
TpTrace Verbose: 0 : 20220, 4, 2022/11/13, 23:22:00.453, 1681035460343, vstest.console.dll, MulticastDelegateUtilities.SafeInvoke: InternalTestLoggerEvents.SendTestResult: Invoking callback 1/1 for Microsoft.VisualStudio.TestPlatform.CommandLine.Internal.ConsoleLogger.TestResultHandler, took 2 ms.
TpTrace Verbose: 0 : 20220, 4, 2022/11/13, 23:22:00.454, 1681035461804, vstest.console.dll, MulticastDelegateUtilities.SafeInvoke: InternalTestLoggerEvents.SendTestResult: Invoking callback 1/1 for Microsoft.VisualStudio.TestPlatform.CommandLine.Internal.ConsoleLogger.TestResultHandler, took 0 ms.
TpTrace Verbose: 0 : 20220, 4, 2022/11/13, 23:22:00.454, 1681035462613, vstest.console.dll, MulticastDelegateUtilities.SafeInvoke: InternalTestLoggerEvents.SendTestResult: Invoking callback 1/1 for Microsoft.VisualStudio.TestPlatform.CommandLine.Internal.ConsoleLogger.TestResultHandler, took 0 ms.
TpTrace Verbose: 0 : 20220, 4, 2022/11/13, 23:22:00.454, 1681035463137, vstest.console.dll, MulticastDelegateUtilities.SafeInvoke: InternalTestLoggerEvents.SendTestResult: Invoking callback 1/1 for Microsoft.VisualStudio.TestPlatform.CommandLine.Internal.ConsoleLogger.TestResultHandler, took 0 ms.
TpTrace Verbose: 0 : 20220, 4, 2022/11/13, 23:22:00.454, 1681035463725, vstest.console.dll, MulticastDelegateUtilities.SafeInvoke: InternalTestLoggerEvents.SendTestResult: Invoking callback 1/1 for Microsoft.VisualStudio.TestPlatform.CommandLine.Internal.ConsoleLogger.TestResultHandler, took 0 ms.
TpTrace Verbose: 0 : 20220, 4, 2022/11/13, 23:22:00.454, 1681035464416, vstest.console.dll, MulticastDelegateUtilities.SafeInvoke: InternalTestLoggerEvents.SendTestResult: Invoking callback 1/1 for Microsoft.VisualStudio.TestPlatform.CommandLine.Internal.ConsoleLogger.TestResultHandler, took 0 ms.
TpTrace Verbose: 0 : 20220, 4, 2022/11/13, 23:22:00.454, 1681035465085, vstest.console.dll, MulticastDelegateUtilities.SafeInvoke: InternalTestLoggerEvents.SendTestResult: Invoking callback 1/1 for Microsoft.VisualStudio.TestPlatform.CommandLine.Internal.ConsoleLogger.TestResultHandler, took 0 ms.
TpTrace Verbose: 0 : 20220, 4, 2022/11/13, 23:22:00.462, 1681035546047, vstest.console.dll, MulticastDelegateUtilities.SafeInvoke: InternalTestLoggerEvents.SendTestRunComplete: Invoking callback 1/2 for Microsoft.TestPlatform.Extensions.BlameDataCollector.BlameLogger.TestRunCompleteHandler, took 0 ms.
TpTrace Verbose: 0 : 20220, 4, 2022/11/13, 23:22:00.471, 1681035641444, vstest.console.dll, MulticastDelegateUtilities.SafeInvoke: InternalTestLoggerEvents.SendTestRunComplete: Invoking callback 2/2 for Microsoft.VisualStudio.TestPlatform.CommandLine.Internal.ConsoleLogger.TestRunCompleteHandler, took 9 ms.
TpTrace Verbose: 0 : 20220, 13, 2022/11/13, 23:22:00.472, 1681035646148, vstest.console.dll, TestRunRequest:TestRunComplete: Starting. IsAborted:False IsCanceled:False.
TpTrace Verbose: 0 : 20220, 13, 2022/11/13, 23:22:00.473, 1681035657594, vstest.console.dll, TestLoggerManager.HandleTestRunComplete: Ignoring as the object is disposed.
TpTrace Verbose: 0 : 20220, 13, 2022/11/13, 23:22:00.473, 1681035659932, vstest.console.dll, MulticastDelegateUtilities.SafeInvoke: TestRun.TestRunComplete: Invoking callback 1/2 for Microsoft.VisualStudio.TestPlatform.CommandLine.TestRunResultAggregator.TestRunCompletionHandler, took 0 ms.
TpTrace Verbose: 0 : 20220, 13, 2022/11/13, 23:22:00.473, 1681035660777, vstest.console.dll, MulticastDelegateUtilities.SafeInvoke: TestRun.TestRunComplete: Invoking callback 2/2 for Microsoft.VisualStudio.TestPlatform.CommandLine.Processors.RunTestsArgumentExecutor+TestRunRequestEventsRegistrar.TestRunRequest_OnRunCompletion, took 0 ms.
TpTrace Information: 0 : 20220, 13, 2022/11/13, 23:22:00.474, 1681035662356, vstest.console.dll, TestRunRequest:TestRunComplete: Completed.
TpTrace Verbose: 0 : 20220, 13, 2022/11/13, 23:22:00.474, 1681035662926, vstest.console.dll, TestRequestSender.SetOperationComplete: Setting operation complete.
TpTrace Information: 0 : 20220, 13, 2022/11/13, 23:22:00.474, 1681035663477, vstest.console.dll, SocketServer.Stop: Stop server endPoint: 127.0.0.1:3299
TpTrace Information: 0 : 20220, 13, 2022/11/13, 23:22:00.474, 1681035664048, vstest.console.dll, SocketServer.Stop: Cancellation requested. Stopping message loop.
TpTrace Verbose: 0 : 20220, 13, 2022/11/13, 23:22:00.474, 1681035664508, vstest.console.dll, MulticastDelegateUtilities.SafeInvoke: LengthPrefixCommunicationChannel: MessageReceived: Invoking callback 1/1 for Microsoft.VisualStudio.TestPlatform.CommunicationUtilities.TestRequestSender+<>c__DisplayClass31_0.<StartTestRun>b__1, took 211 ms.
TpTrace Information: 0 : 20220, 13, 2022/11/13, 23:22:00.474, 1681035664986, vstest.console.dll, SocketServer.PrivateStop: Stopping server endPoint: 127.0.0.1:3299 error: 
TpTrace Verbose: 0 : 20220, 1, 2022/11/13, 23:22:00.474, 1681035669781, vstest.console.dll, TestRunRequest.Dispose: Starting.
TpTrace Verbose: 0 : 20220, 13, 2022/11/13, 23:22:00.474, 1681035670051, vstest.console.dll, LengthPrefixCommunicationChannel.Dispose: Dispose reader and writer.
TpTrace Information: 0 : 20220, 1, 2022/11/13, 23:22:00.474, 1681035671010, vstest.console.dll, TestRunRequest.Dispose: Completed.
TpTrace Information: 0 : 20220, 13, 2022/11/13, 23:22:00.475, 1681035671934, vstest.console.dll, SocketServer.Stop: Raise disconnected event endPoint: 127.0.0.1:3299 error: 
TpTrace Information: 0 : 20220, 1, 2022/11/13, 23:22:00.475, 1681035672509, vstest.console.dll, TestRequestManager.RunTests: run tests completed.
TpTrace Verbose: 0 : 20220, 13, 2022/11/13, 23:22:00.475, 1681035673379, vstest.console.dll, TestRequestSender: OnTestRunAbort: Operation is already complete. Skip error message.
TpTrace Verbose: 0 : 20220, 13, 2022/11/13, 23:22:00.475, 1681035674215, vstest.console.dll, MulticastDelegateUtilities.SafeInvoke: SocketServer: ClientDisconnected: Invoking callback 1/1 for Microsoft.VisualStudio.TestPlatform.CommunicationUtilities.TestRequestSender.<InitializeCommunication>b__24_1, took 0 ms.
TpTrace Information: 0 : 20220, 1, 2022/11/13, 23:22:00.475, 1681035674745, vstest.console.dll, RunTestsArgumentProcessor:Execute: Test run is completed.
TpTrace Verbose: 0 : 20220, 13, 2022/11/13, 23:22:00.475, 1681035674788, vstest.console.dll, TcpClientExtensions.MessageLoopAsync: exiting MessageLoopAsync remoteEndPoint: 127.0.0.1:3301 localEndPoint: 127.0.0.1:3299
TpTrace Verbose: 0 : 20220, 1, 2022/11/13, 23:22:00.475, 1681035676783, vstest.console.dll, Executor.Execute: Exiting with exit code of 0
